#
# There is insufficient memory for the Java Runtime Environment to continue.
# Native memory allocation (malloc) failed to allocate 455680 bytes for Chunk::new
# Possible reasons:
#   The system is out of physical RAM or swap space
#   The process is running with CompressedOops enabled, and the Java Heap may be blocking the growth of the native heap
# Possible solutions:
#   Reduce memory load on the system
#   Increase physical memory or swap space
#   Check if swap backing store is full
#   Decrease Java heap size (-Xmx/-Xms)
#   Decrease number of Java threads
#   Decrease Java thread stack sizes (-Xss)
#   Set larger code cache with -XX:ReservedCodeCacheSize=
#   JVM is running with Unscaled Compressed Oops mode in which the Java heap is
#     placed in the first 4GB address space. The Java Heap base address is the
#     maximum limit for the native heap growth. Please use -XX:HeapBaseMinAddress
#     to set the Java Heap base and to place the Java Heap above 4GB virtual address.
# This output file may be truncated or incomplete.
#
#  Out of Memory Error (arena.cpp:189), pid=18376, tid=4892
#
# JRE version: OpenJDK Runtime Environment Temurin-17.0.3+7 (17.0.3+7) (build 17.0.3+7)
# Java VM: OpenJDK 64-Bit Server VM Temurin-17.0.3+7 (17.0.3+7, mixed mode, tiered, compressed oops, compressed class ptrs, g1 gc, windows-amd64)
# No core dump will be written. Minidumps are not enabled by default on client versions of Windows
#

---------------  S U M M A R Y ------------

Command Line: -Dfile.encoding=UTF-8 -XX:+ShowCodeDetailsInExceptionMessages com.apiServer.ApiFbsDiscoveryServerApplication

Host: AMD Ryzen 5 2500U with Radeon Vega Mobile Gfx  , 8 cores, 3G,  Windows 10 , 64 bit Build 19041 (10.0.19041.1889)
Time: Thu Sep 15 16:19:15 2022 India Standard Time elapsed time: 20841.814337 seconds (0d 5h 47m 21s)

---------------  T H R E A D  ---------------

Current thread (0x0000011ed1fae850):  JavaThread "C2 CompilerThread0" daemon [_thread_in_native, id=4892, stack(0x0000000717200000,0x0000000717300000)]


Current CompileTask:
C2:20841814 8367   !   4       org.apache.coyote.http11.Http11Processor::prepareInputFilters (217 bytes)

Stack: [0x0000000717200000,0x0000000717300000]
Native frames: (J=compiled Java code, j=interpreted, Vv=VM code, C=native code)
V  [jvm.dll+0x675efa]
V  [jvm.dll+0x830a24]
V  [jvm.dll+0x8321ce]
V  [jvm.dll+0x832833]
V  [jvm.dll+0x2454b5]
V  [jvm.dll+0xabd7b]
V  [jvm.dll+0xac30c]
V  [jvm.dll+0x363627]
V  [jvm.dll+0x32dca1]
V  [jvm.dll+0x32d14a]
V  [jvm.dll+0x218361]
V  [jvm.dll+0x217781]
V  [jvm.dll+0x1a3ccd]
V  [jvm.dll+0x227178]
V  [jvm.dll+0x2252bc]
V  [jvm.dll+0x7e673b]
V  [jvm.dll+0x7e0cfa]
V  [jvm.dll+0x674d85]
C  [ucrtbase.dll+0x21bb2]
C  [KERNEL32.DLL+0x17034]
C  [ntdll.dll+0x52651]


---------------  P R O C E S S  ---------------

Threads class SMR info:
_java_thread_list=0x0000011ed8879800, length=35, elements={
0x0000011ed1f45e20, 0x0000011ed1f46c90, 0x0000011ed1f71780, 0x0000011ed1f8f600,
0x0000011ed1f8ffb0, 0x0000011ed1f90960, 0x0000011ed1fae850, 0x0000011ed1fc29e0,
0x0000011ed1fc33d0, 0x0000011ed2a4ac10, 0x0000011ed2a44e20, 0x0000011ed68ba740,
0x0000011ed68bac10, 0x0000011ed68ba270, 0x0000011ed68b7250, 0x0000011ed68b7720,
0x0000011ed68b7bf0, 0x0000011ed68b8590, 0x0000011ed68b8a60, 0x0000011ed68b80c0,
0x0000011ed68b8f30, 0x0000011ed68b9400, 0x0000011ed68b9da0, 0x0000011ed68cac70,
0x0000011ed68c72b0, 0x0000011ed68cb140, 0x0000011ed68cd2f0, 0x0000011ed68cb610,
0x0000011ed68cc480, 0x0000011ed68cbae0, 0x0000011ed68cbfb0, 0x0000011ed68ca7a0,
0x0000011ed68c5f70, 0x0000011ed68c5aa0, 0x0000011ed68c7c50
}

Java Threads: ( => current thread )
  0x0000011ed1f45e20 JavaThread "Reference Handler" daemon [_thread_blocked, id=3104, stack(0x0000000716c00000,0x0000000716d00000)]
  0x0000011ed1f46c90 JavaThread "Finalizer" daemon [_thread_blocked, id=18700, stack(0x0000000716d00000,0x0000000716e00000)]
  0x0000011ed1f71780 JavaThread "Signal Dispatcher" daemon [_thread_blocked, id=14180, stack(0x0000000716e00000,0x0000000716f00000)]
  0x0000011ed1f8f600 JavaThread "Attach Listener" daemon [_thread_blocked, id=6856, stack(0x0000000716f00000,0x0000000717000000)]
  0x0000011ed1f8ffb0 JavaThread "Service Thread" daemon [_thread_blocked, id=7392, stack(0x0000000717000000,0x0000000717100000)]
  0x0000011ed1f90960 JavaThread "Monitor Deflation Thread" daemon [_thread_blocked, id=6244, stack(0x0000000717100000,0x0000000717200000)]
=>0x0000011ed1fae850 JavaThread "C2 CompilerThread0" daemon [_thread_in_native, id=4892, stack(0x0000000717200000,0x0000000717300000)]
  0x0000011ed1fc29e0 JavaThread "C1 CompilerThread0" daemon [_thread_blocked, id=8592, stack(0x0000000717300000,0x0000000717400000)]
  0x0000011ed1fc33d0 JavaThread "Sweeper thread" daemon [_thread_blocked, id=6996, stack(0x0000000717400000,0x0000000717500000)]
  0x0000011ed2a4ac10 JavaThread "Notification Thread" daemon [_thread_blocked, id=2132, stack(0x0000000717500000,0x0000000717600000)]
  0x0000011ed2a44e20 JavaThread "Common-Cleaner" daemon [_thread_blocked, id=13752, stack(0x0000000717700000,0x0000000717800000)]
  0x0000011ed68ba740 JavaThread "Catalina-utility-1" [_thread_blocked, id=17664, stack(0x0000000717e00000,0x0000000717f00000)]
  0x0000011ed68bac10 JavaThread "Catalina-utility-2" [_thread_blocked, id=5900, stack(0x0000000718100000,0x0000000718200000)]
  0x0000011ed68ba270 JavaThread "container-0" [_thread_blocked, id=5220, stack(0x0000000718200000,0x0000000718300000)]
  0x0000011ed68b7250 JavaThread "spring.cloud.inetutils" daemon [_thread_blocked, id=5848, stack(0x0000000718300000,0x0000000718400000)]
  0x0000011ed68b7720 JavaThread "Eureka-DeltaRetentionTimer" daemon [_thread_blocked, id=7236, stack(0x0000000718400000,0x0000000718500000)]
  0x0000011ed68b7bf0 JavaThread "Eureka-EvictionTimer" daemon [_thread_blocked, id=7064, stack(0x0000000718500000,0x0000000718600000)]
  0x0000011ed68b8590 JavaThread "Eureka-MeasureRateTimer" daemon [_thread_blocked, id=432, stack(0x0000000718600000,0x0000000718700000)]
  0x0000011ed68b8a60 JavaThread "ReplicaAwareInstanceRegistry - RenewalThresholdUpdater" daemon [_thread_blocked, id=4456, stack(0x0000000718700000,0x0000000718800000)]
  0x0000011ed68b80c0 JavaThread "Eureka-MeasureRateTimer" daemon [_thread_blocked, id=14380, stack(0x0000000718800000,0x0000000718900000)]
  0x0000011ed68b8f30 JavaThread "Eureka-PeerNodesUpdater" daemon [_thread_blocked, id=936, stack(0x0000000718900000,0x0000000718a00000)]
  0x0000011ed68b9400 JavaThread "Eureka-CacheFillTimer" daemon [_thread_blocked, id=13104, stack(0x0000000718a00000,0x0000000718b00000)]
  0x0000011ed68b9da0 JavaThread "http-nio-8761-exec-1" daemon [_thread_blocked, id=6152, stack(0x0000000718c00000,0x0000000718d00000)]
  0x0000011ed68cac70 JavaThread "http-nio-8761-exec-2" daemon [_thread_blocked, id=18400, stack(0x0000000718d00000,0x0000000718e00000)]
  0x0000011ed68c72b0 JavaThread "http-nio-8761-exec-3" daemon [_thread_blocked, id=11048, stack(0x0000000718e00000,0x0000000718f00000)]
  0x0000011ed68cb140 JavaThread "http-nio-8761-exec-4" daemon [_thread_blocked, id=12132, stack(0x0000000718f00000,0x0000000719000000)]
  0x0000011ed68cd2f0 JavaThread "http-nio-8761-exec-5" daemon [_thread_blocked, id=19244, stack(0x0000000719000000,0x0000000719100000)]
  0x0000011ed68cb610 JavaThread "http-nio-8761-exec-6" daemon [_thread_blocked, id=18336, stack(0x0000000719100000,0x0000000719200000)]
  0x0000011ed68cc480 JavaThread "http-nio-8761-exec-7" daemon [_thread_blocked, id=18484, stack(0x0000000719200000,0x0000000719300000)]
  0x0000011ed68cbae0 JavaThread "http-nio-8761-exec-8" daemon [_thread_blocked, id=18068, stack(0x0000000719300000,0x0000000719400000)]
  0x0000011ed68cbfb0 JavaThread "http-nio-8761-exec-9" daemon [_thread_blocked, id=12940, stack(0x0000000719400000,0x0000000719500000)]
  0x0000011ed68ca7a0 JavaThread "http-nio-8761-exec-10" daemon [_thread_blocked, id=15548, stack(0x0000000719500000,0x0000000719600000)]
  0x0000011ed68c5f70 JavaThread "http-nio-8761-Poller" daemon [_thread_in_native, id=2692, stack(0x0000000719600000,0x0000000719700000)]
  0x0000011ed68c5aa0 JavaThread "http-nio-8761-Acceptor" daemon [_thread_in_native, id=3152, stack(0x0000000719700000,0x0000000719800000)]
  0x0000011ed68c7c50 JavaThread "DestroyJavaVM" [_thread_blocked, id=19104, stack(0x0000000716500000,0x0000000716600000)]

Other Threads:
  0x0000011ed1f63c40 VMThread "VM Thread" [stack: 0x0000000716b00000,0x0000000716c00000] [id=16832]
  0x0000011ed2a4b8f0 WatcherThread [stack: 0x0000000717600000,0x0000000717700000] [id=9320]
  0x0000011eb8994930 GCTaskThread "GC Thread#0" [stack: 0x0000000716600000,0x0000000716700000] [id=1084]
  0x0000011ed412fc10 GCTaskThread "GC Thread#1" [stack: 0x0000000717800000,0x0000000717900000] [id=18488]
  0x0000011ed42cd7c0 GCTaskThread "GC Thread#2" [stack: 0x0000000717900000,0x0000000717a00000] [id=9620]
  0x0000011ed430bcd0 GCTaskThread "GC Thread#3" [stack: 0x0000000717a00000,0x0000000717b00000] [id=14196]
  0x0000011ed3357d40 GCTaskThread "GC Thread#4" [stack: 0x0000000717b00000,0x0000000717c00000] [id=5936]
  0x0000011ed418f930 GCTaskThread "GC Thread#5" [stack: 0x0000000717c00000,0x0000000717d00000] [id=11072]
  0x0000011ed418fbe0 GCTaskThread "GC Thread#6" [stack: 0x0000000717d00000,0x0000000717e00000] [id=13804]
  0x0000011ed4446850 GCTaskThread "GC Thread#7" [stack: 0x0000000717f00000,0x0000000718000000] [id=15420]
  0x0000011eb899f970 ConcurrentGCThread "G1 Main Marker" [stack: 0x0000000716700000,0x0000000716800000] [id=9600]
  0x0000011eb89a0380 ConcurrentGCThread "G1 Conc#0" [stack: 0x0000000716800000,0x0000000716900000] [id=16364]
  0x0000011ed4445830 ConcurrentGCThread "G1 Conc#1" [stack: 0x0000000718000000,0x0000000718100000] [id=11784]
  0x0000011eb89ee370 ConcurrentGCThread "G1 Refine#0" [stack: 0x0000000716900000,0x0000000716a00000] [id=18592]
  0x0000011eb89eed90 ConcurrentGCThread "G1 Service" [stack: 0x0000000716a00000,0x0000000716b00000] [id=15584]

Threads with active compile tasks:
C2 CompilerThread0  20841900 8367   !   4       org.apache.coyote.http11.Http11Processor::prepareInputFilters (217 bytes)

VM state: not at safepoint (normal execution)

VM Mutex/Monitor currently owned by a thread: None

Heap address: 0x00000000c5a00000, size: 934 MB, Compressed Oops mode: 32-bit

CDS archive(s) not mapped
Compressed class space mapped at: 0x0000000100000000-0x0000000140000000, reserved size: 1073741824
Narrow klass base: 0x0000000000000000, Narrow klass shift: 3, Narrow klass range: 0x140000000

GC Precious Log:
 CPUs: 8 total, 8 available
 Memory: 3732M
 Large Page Support: Disabled
 NUMA Support: Disabled
 Compressed Oops: Enabled (32-bit)
 Heap Region Size: 1M
 Heap Min Capacity: 8M
 Heap Initial Capacity: 60M
 Heap Max Capacity: 934M
 Pre-touch: Disabled
 Parallel Workers: 8
 Concurrent Workers: 2
 Concurrent Refinement Workers: 8
 Periodic GC: Disabled

Heap:
 garbage-first heap   total 61440K, used 39522K [0x00000000c5a00000, 0x0000000100000000)
  region size 1024K, 14 young (14336K), 1 survivors (1024K)
 Metaspace       used 58178K, committed 58624K, reserved 1105920K
  class space    used 7027K, committed 7232K, reserved 1048576K

Heap Regions: E=young(eden), S=young(survivor), O=old, HS=humongous(starts), HC=humongous(continues), CS=collection set, F=free, OA=open archive, CA=closed archive, TAMS=top-at-mark-start (previous, next)
|   0|0x00000000c5a00000, 0x00000000c5b00000, 0x00000000c5b00000|100%| O|  |TAMS 0x00000000c5b00000, 0x00000000c5a00000| Untracked 
|   1|0x00000000c5b00000, 0x00000000c5c00000, 0x00000000c5c00000|100%| O|  |TAMS 0x00000000c5c00000, 0x00000000c5b00000| Untracked 
|   2|0x00000000c5c00000, 0x00000000c5d00000, 0x00000000c5d00000|100%| O|  |TAMS 0x00000000c5d00000, 0x00000000c5c00000| Untracked 
|   3|0x00000000c5d00000, 0x00000000c5e00000, 0x00000000c5e00000|100%| O|  |TAMS 0x00000000c5e00000, 0x00000000c5d00000| Untracked 
|   4|0x00000000c5e00000, 0x00000000c5f00000, 0x00000000c5f00000|100%| O|  |TAMS 0x00000000c5f00000, 0x00000000c5e00000| Untracked 
|   5|0x00000000c5f00000, 0x00000000c6000000, 0x00000000c6000000|100%| O|  |TAMS 0x00000000c6000000, 0x00000000c5f00000| Untracked 
|   6|0x00000000c6000000, 0x00000000c6100000, 0x00000000c6100000|100%| O|  |TAMS 0x00000000c6100000, 0x00000000c6000000| Untracked 
|   7|0x00000000c6100000, 0x00000000c6200000, 0x00000000c6200000|100%| O|  |TAMS 0x00000000c6200000, 0x00000000c6100000| Untracked 
|   8|0x00000000c6200000, 0x00000000c6300000, 0x00000000c6300000|100%| O|  |TAMS 0x00000000c6300000, 0x00000000c6200000| Untracked 
|   9|0x00000000c6300000, 0x00000000c6400000, 0x00000000c6400000|100%| O|  |TAMS 0x00000000c6400000, 0x00000000c6300000| Untracked 
|  10|0x00000000c6400000, 0x00000000c6500000, 0x00000000c6500000|100%| O|  |TAMS 0x00000000c6500000, 0x00000000c6400000| Untracked 
|  11|0x00000000c6500000, 0x00000000c6600000, 0x00000000c6600000|100%| O|  |TAMS 0x00000000c6592600, 0x00000000c6500000| Untracked 
|  12|0x00000000c6600000, 0x00000000c6700000, 0x00000000c6700000|100%| O|  |TAMS 0x00000000c6600000, 0x00000000c6600000| Untracked 
|  13|0x00000000c6700000, 0x00000000c6800000, 0x00000000c6800000|100%| O|  |TAMS 0x00000000c6700000, 0x00000000c6700000| Untracked 
|  14|0x00000000c6800000, 0x00000000c6900000, 0x00000000c6900000|100%| O|  |TAMS 0x00000000c6800000, 0x00000000c6800000| Untracked 
|  15|0x00000000c6900000, 0x00000000c6a00000, 0x00000000c6a00000|100%| O|  |TAMS 0x00000000c6900000, 0x00000000c6900000| Untracked 
|  16|0x00000000c6a00000, 0x00000000c6b00000, 0x00000000c6b00000|100%| O|  |TAMS 0x00000000c6a00000, 0x00000000c6a00000| Untracked 
|  17|0x00000000c6b00000, 0x00000000c6c00000, 0x00000000c6c00000|100%| O|  |TAMS 0x00000000c6b00000, 0x00000000c6b00000| Untracked 
|  18|0x00000000c6c00000, 0x00000000c6d00000, 0x00000000c6d00000|100%| O|  |TAMS 0x00000000c6c00000, 0x00000000c6c00000| Untracked 
|  19|0x00000000c6d00000, 0x00000000c6e00000, 0x00000000c6e00000|100%| O|  |TAMS 0x00000000c6d00000, 0x00000000c6d00000| Untracked 
|  20|0x00000000c6e00000, 0x00000000c6f00000, 0x00000000c6f00000|100%| O|  |TAMS 0x00000000c6e00000, 0x00000000c6e00000| Untracked 
|  21|0x00000000c6f00000, 0x00000000c7000000, 0x00000000c7000000|100%| O|  |TAMS 0x00000000c6f00000, 0x00000000c6f00000| Untracked 
|  22|0x00000000c7000000, 0x00000000c7100000, 0x00000000c7100000|100%| O|  |TAMS 0x00000000c7000000, 0x00000000c7000000| Untracked 
|  23|0x00000000c7100000, 0x00000000c7200000, 0x00000000c7200000|100%| O|  |TAMS 0x00000000c7100000, 0x00000000c7100000| Untracked 
|  24|0x00000000c7200000, 0x00000000c7300000, 0x00000000c7300000|100%| O|  |TAMS 0x00000000c7200000, 0x00000000c7200000| Untracked 
|  25|0x00000000c7300000, 0x00000000c73be400, 0x00000000c7400000| 74%| O|  |TAMS 0x00000000c7300000, 0x00000000c7300000| Untracked 
|  26|0x00000000c7400000, 0x00000000c7400000, 0x00000000c7500000|  0%| F|  |TAMS 0x00000000c7400000, 0x00000000c7400000| Untracked 
|  27|0x00000000c7500000, 0x00000000c7500000, 0x00000000c7600000|  0%| F|  |TAMS 0x00000000c7500000, 0x00000000c7500000| Untracked 
|  28|0x00000000c7600000, 0x00000000c7600000, 0x00000000c7700000|  0%| F|  |TAMS 0x00000000c7600000, 0x00000000c7600000| Untracked 
|  29|0x00000000c7700000, 0x00000000c7700000, 0x00000000c7800000|  0%| F|  |TAMS 0x00000000c7700000, 0x00000000c7700000| Untracked 
|  30|0x00000000c7800000, 0x00000000c7800000, 0x00000000c7900000|  0%| F|  |TAMS 0x00000000c7800000, 0x00000000c7800000| Untracked 
|  31|0x00000000c7900000, 0x00000000c7900000, 0x00000000c7a00000|  0%| F|  |TAMS 0x00000000c7900000, 0x00000000c7900000| Untracked 
|  32|0x00000000c7a00000, 0x00000000c7a00000, 0x00000000c7b00000|  0%| F|  |TAMS 0x00000000c7a00000, 0x00000000c7a00000| Untracked 
|  33|0x00000000c7b00000, 0x00000000c7b00000, 0x00000000c7c00000|  0%| F|  |TAMS 0x00000000c7b00000, 0x00000000c7b00000| Untracked 
|  34|0x00000000c7c00000, 0x00000000c7cda480, 0x00000000c7d00000| 85%| S|CS|TAMS 0x00000000c7c00000, 0x00000000c7c00000| Complete 
|  35|0x00000000c7d00000, 0x00000000c7d00000, 0x00000000c7e00000|  0%| F|  |TAMS 0x00000000c7d00000, 0x00000000c7d00000| Untracked 
|  36|0x00000000c7e00000, 0x00000000c7e00000, 0x00000000c7f00000|  0%| F|  |TAMS 0x00000000c7e00000, 0x00000000c7e00000| Untracked 
|  37|0x00000000c7f00000, 0x00000000c7f00000, 0x00000000c8000000|  0%| F|  |TAMS 0x00000000c7f00000, 0x00000000c7f00000| Untracked 
|  38|0x00000000c8000000, 0x00000000c8000000, 0x00000000c8100000|  0%| F|  |TAMS 0x00000000c8000000, 0x00000000c8000000| Untracked 
|  39|0x00000000c8100000, 0x00000000c8100000, 0x00000000c8200000|  0%| F|  |TAMS 0x00000000c8100000, 0x00000000c8100000| Untracked 
|  40|0x00000000c8200000, 0x00000000c8200000, 0x00000000c8300000|  0%| F|  |TAMS 0x00000000c8200000, 0x00000000c8200000| Untracked 
|  41|0x00000000c8300000, 0x00000000c8300000, 0x00000000c8400000|  0%| F|  |TAMS 0x00000000c8300000, 0x00000000c8300000| Untracked 
|  42|0x00000000c8400000, 0x00000000c8400000, 0x00000000c8500000|  0%| F|  |TAMS 0x00000000c8400000, 0x00000000c8400000| Untracked 
|  43|0x00000000c8500000, 0x00000000c8500000, 0x00000000c8600000|  0%| F|  |TAMS 0x00000000c8500000, 0x00000000c8500000| Untracked 
|  44|0x00000000c8600000, 0x00000000c8600000, 0x00000000c8700000|  0%| F|  |TAMS 0x00000000c8600000, 0x00000000c8600000| Untracked 
|  45|0x00000000c8700000, 0x00000000c8700000, 0x00000000c8800000|  0%| F|  |TAMS 0x00000000c8700000, 0x00000000c8700000| Untracked 
|  46|0x00000000c8800000, 0x00000000c8800000, 0x00000000c8900000|  0%| F|  |TAMS 0x00000000c8800000, 0x00000000c8800000| Untracked 
|  47|0x00000000c8900000, 0x00000000c8990ec0, 0x00000000c8a00000| 56%| E|  |TAMS 0x00000000c8900000, 0x00000000c8900000| Complete 
|  48|0x00000000c8a00000, 0x00000000c8b00000, 0x00000000c8b00000|100%| E|CS|TAMS 0x00000000c8a00000, 0x00000000c8a00000| Complete 
|  49|0x00000000c8b00000, 0x00000000c8c00000, 0x00000000c8c00000|100%| E|CS|TAMS 0x00000000c8b00000, 0x00000000c8b00000| Complete 
|  50|0x00000000c8c00000, 0x00000000c8d00000, 0x00000000c8d00000|100%| E|CS|TAMS 0x00000000c8c00000, 0x00000000c8c00000| Complete 
|  51|0x00000000c8d00000, 0x00000000c8e00000, 0x00000000c8e00000|100%| E|CS|TAMS 0x00000000c8d00000, 0x00000000c8d00000| Complete 
|  52|0x00000000c8e00000, 0x00000000c8f00000, 0x00000000c8f00000|100%| E|CS|TAMS 0x00000000c8e00000, 0x00000000c8e00000| Complete 
|  53|0x00000000c8f00000, 0x00000000c9000000, 0x00000000c9000000|100%| E|CS|TAMS 0x00000000c8f00000, 0x00000000c8f00000| Complete 
|  54|0x00000000c9000000, 0x00000000c9100000, 0x00000000c9100000|100%| E|CS|TAMS 0x00000000c9000000, 0x00000000c9000000| Complete 
|  55|0x00000000c9100000, 0x00000000c9200000, 0x00000000c9200000|100%| E|CS|TAMS 0x00000000c9100000, 0x00000000c9100000| Complete 
|  56|0x00000000c9200000, 0x00000000c9300000, 0x00000000c9300000|100%| E|CS|TAMS 0x00000000c9200000, 0x00000000c9200000| Complete 
|  57|0x00000000c9300000, 0x00000000c9400000, 0x00000000c9400000|100%| E|CS|TAMS 0x00000000c9300000, 0x00000000c9300000| Complete 
|  58|0x00000000c9400000, 0x00000000c9500000, 0x00000000c9500000|100%| E|CS|TAMS 0x00000000c9400000, 0x00000000c9400000| Complete 
|  59|0x00000000c9500000, 0x00000000c9600000, 0x00000000c9600000|100%| E|CS|TAMS 0x00000000c9500000, 0x00000000c9500000| Complete 

Card table byte_map: [0x0000011ecd430000,0x0000011ecd610000] _byte_map_base: 0x0000011ecce03000

Marking Bits (Prev, Next): (CMBitMap*) 0x0000011eb8996350, (CMBitMap*) 0x0000011eb8996390
 Prev Bits: [0x0000011ecd7f0000, 0x0000011ece688000)
 Next Bits: [0x0000011ece690000, 0x0000011ecf528000)

Polling page: 0x0000011eb8a30000

Metaspace:

Usage:
  Non-class:     49.95 MB used.
      Class:      6.86 MB used.
       Both:     56.82 MB used.

Virtual space:
  Non-class space:       56.00 MB reserved,      50.19 MB ( 90%) committed,  7 nodes.
      Class space:        1.00 GB reserved,       7.06 MB ( <1%) committed,  1 nodes.
             Both:        1.05 GB reserved,      57.25 MB (  5%) committed. 

Chunk freelists:
   Non-Class:  1.22 MB
       Class:  848.00 KB
        Both:  2.05 MB

MaxMetaspaceSize: unlimited
CompressedClassSpaceSize: 1.00 GB
Initial GC threshold: 21.00 MB
Current GC threshold: 58.69 MB
CDS: off
MetaspaceReclaimPolicy: balanced
 - commit_granule_bytes: 65536.
 - commit_granule_words: 8192.
 - virtual_space_node_default_size: 1048576.
 - enlarge_chunks_in_place: 1.
 - new_chunks_are_fully_committed: 0.
 - uncommit_free_chunks: 1.
 - use_allocation_guard: 0.
 - handle_deallocations: 1.


Internal statistics:

num_allocs_failed_limit: 8.
num_arena_births: 522.
num_arena_deaths: 0.
num_vsnodes_births: 8.
num_vsnodes_deaths: 0.
num_space_committed: 916.
num_space_uncommitted: 0.
num_chunks_returned_to_freelist: 8.
num_chunks_taken_from_freelist: 2273.
num_chunk_merges: 8.
num_chunk_splits: 1559.
num_chunks_enlarged: 1176.
num_purges: 0.
num_inconsistent_stats: 0.

CodeHeap 'non-profiled nmethods': size=120000Kb used=4436Kb max_used=4436Kb free=115563Kb
 bounds [0x0000011ec52b0000, 0x0000011ec5710000, 0x0000011ecc7e0000]
CodeHeap 'profiled nmethods': size=120000Kb used=14259Kb max_used=14259Kb free=105741Kb
 bounds [0x0000011ebdd80000, 0x0000011ebeb70000, 0x0000011ec52b0000]
CodeHeap 'non-nmethods': size=5760Kb used=1254Kb max_used=1306Kb free=4506Kb
 bounds [0x0000011ebd7e0000, 0x0000011ebda50000, 0x0000011ebdd80000]
 total_blobs=7734 nmethods=7166 adapters=480
 compilation: enabled
              stopped_count=0, restarted_count=0
 full_count=0

Compilation events (20 events):
Event: 20222.099 Thread 0x0000011ed1fc29e0 nmethod 8350 0x0000011ec56fea90 code [0x0000011ec56fec20, 0x0000011ec56fecd8]
Event: 20261.186 Thread 0x0000011ed1fae850 8351       4       java.lang.AbstractStringBuilder::indexOf (18 bytes)
Event: 20261.211 Thread 0x0000011ed1fae850 nmethod 8351 0x0000011ec56fed90 code [0x0000011ec56fef20, 0x0000011ec56ff278]
Event: 20291.298 Thread 0x0000011ed1fae850 8352       4       io.micrometer.core.instrument.Meter$Id::hashCode (23 bytes)
Event: 20291.455 Thread 0x0000011ed1fae850 nmethod 8352 0x0000011ec56ff490 code [0x0000011ec56ff640, 0x0000011ec56ffdb8]
Event: 20389.338 Thread 0x0000011ed1fc29e0 8353       3       java.util.concurrent.ScheduledThreadPoolExecutor$DelayedWorkQueue::take (5 bytes)
Event: 20389.354 Thread 0x0000011ed1fc29e0 nmethod 8353 0x0000011ebeb6b990 code [0x0000011ebeb6bb20, 0x0000011ebeb6bc68]
Event: 20707.059 Thread 0x0000011ed1fc29e0 8354       3       org.springframework.cloud.netflix.eureka.server.CloudJacksonJson$CloudInstanceInfoSerializer::serialize (11 bytes)
Event: 20707.082 Thread 0x0000011ed1fc29e0 nmethod 8354 0x0000011ebeb6bd10 code [0x0000011ebeb6bec0, 0x0000011ebeb6c0e8]
Event: 20707.083 Thread 0x0000011ed1fc29e0 8361   !   3       com.fasterxml.jackson.databind.ser.std.MapSerializer::serializeOptionalFields (256 bytes)
Event: 20707.144 Thread 0x0000011ed1fc29e0 nmethod 8361 0x0000011ebeb6c210 code [0x0000011ebeb6c520, 0x0000011ebeb6da48]
Event: 20713.382 Thread 0x0000011ed1fae850 8363       4       org.apache.tomcat.util.net.NioEndpoint$NioSocketWrapper::registerReadInterest (45 bytes)
Event: 20713.486 Thread 0x0000011ed1fae850 nmethod 8363 0x0000011ec5700290 code [0x0000011ec5700460, 0x0000011ec5701008]
Event: 20773.444 Thread 0x0000011ed1fae850 8364       4       org.apache.coyote.AbstractProtocol$ConnectionHandler::release (85 bytes)
Event: 20773.678 Thread 0x0000011ed1fae850 nmethod 8364 0x0000011ec5701690 code [0x0000011ec57018a0, 0x0000011ec5702778]
Event: 20798.364 Thread 0x0000011ed1fae850 8365   !   4       java.util.concurrent.LinkedBlockingQueue::take (91 bytes)
Event: 20798.427 Thread 0x0000011ed1fae850 nmethod 8365 0x0000011ec5703210 code [0x0000011ec5703420, 0x0000011ec5704570]
Event: 20822.668 Thread 0x0000011ed1fae850 8366       4       org.apache.tomcat.util.threads.ThreadPoolExecutor$Worker::unlock (7 bytes)
Event: 20822.672 Thread 0x0000011ed1fae850 nmethod 8366 0x0000011ec5704d90 code [0x0000011ec5704f20, 0x0000011ec5705088]
Event: 20841.695 Thread 0x0000011ed1fae850 8367   !   4       org.apache.coyote.http11.Http11Processor::prepareInputFilters (217 bytes)

GC Heap History (20 events):
Event: 5.742 GC heap before
{Heap before GC invocations=13 (full 0):
 garbage-first heap   total 51200K, used 37351K [0x00000000c5a00000, 0x0000000100000000)
  region size 1024K, 21 young (21504K), 2 survivors (2048K)
 Metaspace       used 40009K, committed 40320K, reserved 1089536K
  class space    used 4710K, committed 4864K, reserved 1048576K
}
Event: 5.749 GC heap after
{Heap after GC invocations=14 (full 0):
 garbage-first heap   total 51200K, used 18839K [0x00000000c5a00000, 0x0000000100000000)
  region size 1024K, 3 young (3072K), 3 survivors (3072K)
 Metaspace       used 40009K, committed 40320K, reserved 1089536K
  class space    used 4710K, committed 4864K, reserved 1048576K
}
Event: 6.074 GC heap before
{Heap before GC invocations=14 (full 0):
 garbage-first heap   total 51200K, used 37271K [0x00000000c5a00000, 0x0000000100000000)
  region size 1024K, 22 young (22528K), 3 survivors (3072K)
 Metaspace       used 42121K, committed 42560K, reserved 1089536K
  class space    used 4984K, committed 5184K, reserved 1048576K
}
Event: 6.080 GC heap after
{Heap after GC invocations=15 (full 0):
 garbage-first heap   total 61440K, used 20277K [0x00000000c5a00000, 0x0000000100000000)
  region size 1024K, 3 young (3072K), 3 survivors (3072K)
 Metaspace       used 42121K, committed 42560K, reserved 1089536K
  class space    used 4984K, committed 5184K, reserved 1048576K
}
Event: 6.738 GC heap before
{Heap before GC invocations=15 (full 0):
 garbage-first heap   total 61440K, used 45877K [0x00000000c5a00000, 0x0000000100000000)
  region size 1024K, 28 young (28672K), 3 survivors (3072K)
 Metaspace       used 46279K, committed 46720K, reserved 1097728K
  class space    used 5666K, committed 5888K, reserved 1048576K
}
Event: 6.742 GC heap after
{Heap after GC invocations=16 (full 0):
 garbage-first heap   total 61440K, used 21803K [0x00000000c5a00000, 0x0000000100000000)
  region size 1024K, 3 young (3072K), 3 survivors (3072K)
 Metaspace       used 46279K, committed 46720K, reserved 1097728K
  class space    used 5666K, committed 5888K, reserved 1048576K
}
Event: 7.589 GC heap before
{Heap before GC invocations=16 (full 0):
 garbage-first heap   total 61440K, used 46379K [0x00000000c5a00000, 0x0000000100000000)
  region size 1024K, 28 young (28672K), 3 survivors (3072K)
 Metaspace       used 49860K, committed 50304K, reserved 1097728K
  class space    used 6175K, committed 6400K, reserved 1048576K
}
Event: 7.595 GC heap after
{Heap after GC invocations=17 (full 0):
 garbage-first heap   total 61440K, used 24299K [0x00000000c5a00000, 0x0000000100000000)
  region size 1024K, 4 young (4096K), 4 survivors (4096K)
 Metaspace       used 49860K, committed 50304K, reserved 1097728K
  class space    used 6175K, committed 6400K, reserved 1048576K
}
Event: 62.838 GC heap before
{Heap before GC invocations=17 (full 0):
 garbage-first heap   total 61440K, used 47851K [0x00000000c5a00000, 0x0000000100000000)
  region size 1024K, 27 young (27648K), 4 survivors (4096K)
 Metaspace       used 54827K, committed 55232K, reserved 1097728K
  class space    used 6819K, committed 7040K, reserved 1048576K
}
Event: 62.935 GC heap after
{Heap after GC invocations=18 (full 0):
 garbage-first heap   total 61440K, used 26413K [0x00000000c5a00000, 0x0000000100000000)
  region size 1024K, 3 young (3072K), 3 survivors (3072K)
 Metaspace       used 54827K, committed 55232K, reserved 1097728K
  class space    used 6819K, committed 7040K, reserved 1048576K
}
Event: 3165.492 GC heap before
{Heap before GC invocations=18 (full 0):
 garbage-first heap   total 61440K, used 47917K [0x00000000c5a00000, 0x0000000100000000)
  region size 1024K, 24 young (24576K), 3 survivors (3072K)
 Metaspace       used 57611K, committed 57984K, reserved 1105920K
  class space    used 7024K, committed 7232K, reserved 1048576K
}
Event: 3165.561 GC heap after
{Heap after GC invocations=19 (full 0):
 garbage-first heap   total 61440K, used 27343K [0x00000000c5a00000, 0x0000000100000000)
  region size 1024K, 1 young (1024K), 1 survivors (1024K)
 Metaspace       used 57611K, committed 57984K, reserved 1105920K
  class space    used 7024K, committed 7232K, reserved 1048576K
}
Event: 6620.121 GC heap before
{Heap before GC invocations=19 (full 0):
 garbage-first heap   total 61440K, used 48847K [0x00000000c5a00000, 0x0000000100000000)
  region size 1024K, 22 young (22528K), 1 survivors (1024K)
 Metaspace       used 57948K, committed 58368K, reserved 1105920K
  class space    used 7024K, committed 7232K, reserved 1048576K
}
Event: 6620.180 GC heap after
{Heap after GC invocations=20 (full 0):
 garbage-first heap   total 61440K, used 27215K [0x00000000c5a00000, 0x0000000100000000)
  region size 1024K, 1 young (1024K), 1 survivors (1024K)
 Metaspace       used 57948K, committed 58368K, reserved 1105920K
  class space    used 7024K, committed 7232K, reserved 1048576K
}
Event: 10350.347 GC heap before
{Heap before GC invocations=20 (full 0):
 garbage-first heap   total 61440K, used 49743K [0x00000000c5a00000, 0x0000000100000000)
  region size 1024K, 23 young (23552K), 1 survivors (1024K)
 Metaspace       used 58052K, committed 58432K, reserved 1105920K
  class space    used 7025K, committed 7232K, reserved 1048576K
}
Event: 10350.407 GC heap after
{Heap after GC invocations=21 (full 0):
 garbage-first heap   total 61440K, used 27246K [0x00000000c5a00000, 0x0000000100000000)
  region size 1024K, 1 young (1024K), 1 survivors (1024K)
 Metaspace       used 58052K, committed 58432K, reserved 1105920K
  class space    used 7025K, committed 7232K, reserved 1048576K
}
Event: 14371.226 GC heap before
{Heap before GC invocations=21 (full 0):
 garbage-first heap   total 61440K, used 50798K [0x00000000c5a00000, 0x0000000100000000)
  region size 1024K, 24 young (24576K), 1 survivors (1024K)
 Metaspace       used 58119K, committed 58560K, reserved 1105920K
  class space    used 7026K, committed 7232K, reserved 1048576K
}
Event: 14371.304 GC heap after
{Heap after GC invocations=22 (full 0):
 garbage-first heap   total 61440K, used 27212K [0x00000000c5a00000, 0x0000000100000000)
  region size 1024K, 1 young (1024K), 1 survivors (1024K)
 Metaspace       used 58119K, committed 58560K, reserved 1105920K
  class space    used 7026K, committed 7232K, reserved 1048576K
}
Event: 18538.814 GC heap before
{Heap before GC invocations=22 (full 0):
 garbage-first heap   total 61440K, used 50764K [0x00000000c5a00000, 0x0000000100000000)
  region size 1024K, 25 young (25600K), 1 survivors (1024K)
 Metaspace       used 58165K, committed 58624K, reserved 1105920K
  class space    used 7027K, committed 7232K, reserved 1048576K
}
Event: 18538.891 GC heap after
{Heap after GC invocations=23 (full 0):
 garbage-first heap   total 61440K, used 27234K [0x00000000c5a00000, 0x0000000100000000)
  region size 1024K, 1 young (1024K), 1 survivors (1024K)
 Metaspace       used 58165K, committed 58624K, reserved 1105920K
  class space    used 7027K, committed 7232K, reserved 1048576K
}

Deoptimization events (20 events):
Event: 15031.527 Thread 0x0000011ed68b9da0 Uncommon trap: trap_request=0xffffffd6 fr.pc=0x0000011ec56cd380 relative=0x0000000000000a40
Event: 15031.527 Thread 0x0000011ed68b9da0 Uncommon trap: reason=array_check action=maybe_recompile pc=0x0000011ec56cd380 method=java.util.ComparableTimSort.binarySort([Ljava/lang/Object;III)V @ 193 c2
Event: 15031.527 Thread 0x0000011ed68b9da0 DEOPT PACKING pc=0x0000011ec56cd380 sp=0x0000000718cfd6e0
Event: 15031.529 Thread 0x0000011ed68b9da0 DEOPT UNPACKING pc=0x0000011ebd8323a3 sp=0x0000000718cfd680 mode 2
Event: 15032.024 Thread 0x0000011ed68cb140 Uncommon trap: trap_request=0xffffffd6 fr.pc=0x0000011ec56cd380 relative=0x0000000000000a40
Event: 15032.024 Thread 0x0000011ed68cb140 Uncommon trap: reason=array_check action=maybe_recompile pc=0x0000011ec56cd380 method=java.util.ComparableTimSort.binarySort([Ljava/lang/Object;III)V @ 193 c2
Event: 15032.025 Thread 0x0000011ed68cb140 DEOPT PACKING pc=0x0000011ec56cd380 sp=0x0000000718ffdaf0
Event: 15032.025 Thread 0x0000011ed68cb140 DEOPT UNPACKING pc=0x0000011ebd8323a3 sp=0x0000000718ffda90 mode 2
Event: 15454.649 Thread 0x0000011ed68cbfb0 Uncommon trap: trap_request=0xffffffd6 fr.pc=0x0000011ec56d9d70 relative=0x0000000000000ab0
Event: 15454.649 Thread 0x0000011ed68cbfb0 Uncommon trap: reason=array_check action=maybe_recompile pc=0x0000011ec56d9d70 method=java.util.ComparableTimSort.binarySort([Ljava/lang/Object;III)V @ 215 c2
Event: 15454.650 Thread 0x0000011ed68cbfb0 DEOPT PACKING pc=0x0000011ec56d9d70 sp=0x00000007194fd660
Event: 15454.651 Thread 0x0000011ed68cbfb0 DEOPT UNPACKING pc=0x0000011ebd8323a3 sp=0x00000007194fd600 mode 2
Event: 15471.363 Thread 0x0000011ed68cbae0 Uncommon trap: trap_request=0xffffffd6 fr.pc=0x0000011ec56d9d70 relative=0x0000000000000ab0
Event: 15471.364 Thread 0x0000011ed68cbae0 Uncommon trap: reason=array_check action=maybe_recompile pc=0x0000011ec56d9d70 method=java.util.ComparableTimSort.binarySort([Ljava/lang/Object;III)V @ 215 c2
Event: 15471.364 Thread 0x0000011ed68cbae0 DEOPT PACKING pc=0x0000011ec56d9d70 sp=0x00000007193fd700
Event: 15471.365 Thread 0x0000011ed68cbae0 DEOPT UNPACKING pc=0x0000011ebd8323a3 sp=0x00000007193fd6a0 mode 2
Event: 20287.116 Thread 0x0000011ed68ba740 Uncommon trap: trap_request=0xffffff45 fr.pc=0x0000011ec55ae794 relative=0x00000000000009f4
Event: 20287.120 Thread 0x0000011ed68ba740 Uncommon trap: reason=unstable_if action=reinterpret pc=0x0000011ec55ae794 method=java.util.concurrent.ScheduledThreadPoolExecutor$DelayedWorkQueue.take()Ljava/util/concurrent/RunnableScheduledFuture; @ 59 c2
Event: 20287.122 Thread 0x0000011ed68ba740 DEOPT PACKING pc=0x0000011ec55ae794 sp=0x0000000717eff4b0
Event: 20287.124 Thread 0x0000011ed68ba740 DEOPT UNPACKING pc=0x0000011ebd8323a3 sp=0x0000000717eff410 mode 2

Classes unloaded (0 events):
No events

Classes redefined (0 events):
No events

Internal exceptions (20 events):
Event: 8.269 Thread 0x0000011eb8959510 Exception <a 'java/lang/NoSuchMethodError'{0x00000000c87c8ec0}: 'java.lang.Object java.lang.invoke.DirectMethodHandle$Holder.newInvokeSpecial(java.lang.Object, java.lang.Object, int, java.lang.Object, java.lang.Object)'> (0x00000000c87c8ec0) 
thrown [e:\jenkins\tmp\workspace\build\src\src\hotspot\share\interpreter\linkResolver.cpp, line 766]
Event: 8.270 Thread 0x0000011eb8959510 Exception <a 'java/lang/NoSuchMethodError'{0x00000000c87d4700}: 'java.lang.Object java.lang.invoke.DirectMethodHandle$Holder.invokeSpecial(java.lang.Object, java.lang.Object, int, java.lang.Object, int, java.lang.Object)'> (0x00000000c87d4700) 
thrown [e:\jenkins\tmp\workspace\build\src\src\hotspot\share\interpreter\linkResolver.cpp, line 766]
Event: 8.271 Thread 0x0000011eb8959510 Exception <a 'java/lang/NoSuchMethodError'{0x00000000c87dc500}: 'java.lang.Object java.lang.invoke.DirectMethodHandle$Holder.newInvokeSpecial(java.lang.Object, java.lang.Object, int, java.lang.Object, int)'> (0x00000000c87dc500) 
thrown [e:\jenkins\tmp\workspace\build\src\src\hotspot\share\interpreter\linkResolver.cpp, line 766]
Event: 8.271 Thread 0x0000011eb8959510 Exception <a 'java/lang/NoSuchMethodError'{0x00000000c87e0600}: 'java.lang.Object java.lang.invoke.DirectMethodHandle$Holder.invokeSpecial(java.lang.Object, java.lang.Object, java.lang.Object, int, java.lang.Object, int)'> (0x00000000c87e0600) 
thrown [e:\jenkins\tmp\workspace\build\src\src\hotspot\share\interpreter\linkResolver.cpp, line 766]
Event: 8.272 Thread 0x0000011eb8959510 Exception <a 'java/lang/NoSuchMethodError'{0x00000000c87eb008}: 'void java.lang.invoke.DirectMethodHandle$Holder.invokeVirtual(java.lang.Object, java.lang.Object)'> (0x00000000c87eb008) 
thrown [e:\jenkins\tmp\workspace\build\src\src\hotspot\share\interpreter\linkResolver.cpp, line 766]
Event: 63.053 Thread 0x0000011ed68b9da0 Exception <a 'java/lang/NoSuchMethodError'{0x00000000c9559668}: 'void java.lang.invoke.DirectMethodHandle$Holder.invokeSpecial(java.lang.Object, java.lang.Object, java.lang.Object, java.lang.Object, java.lang.Object, java.lang.Object, java.lang.Object, java.lang.Object)'> (0x00000000c9559668) 
thrown [e:\jenkins\tmp\workspace\build\src\src\hotspot\share\interpreter\linkResolver.cpp, line 766]
Event: 63.058 Thread 0x0000011ed68b9da0 Exception <a 'java/lang/NoSuchMethodError'{0x00000000c9564058}: 'java.lang.Object java.lang.invoke.DirectMethodHandle$Holder.newInvokeSpecial(java.lang.Object, java.lang.Object, java.lang.Object, java.lang.Object, java.lang.Object, java.lang.Object, java.lang.Object)'> (0x00000000c9564058) 
thrown [e:\jenkins\tmp\workspace\build\src\src\hotspot\share\interpreter\linkResolver.cpp, line 766]
Event: 63.059 Thread 0x0000011ed68b9da0 Exception <a 'java/lang/NoSuchMethodError'{0x00000000c9568530}: 'java.lang.Object java.lang.invoke.Invokers$Holder.linkToTargetMethod(java.lang.Object, java.lang.Object, java.lang.Object, java.lang.Object, java.lang.Object, java.lang.Object, java.lang.Object)'> (0x00000000c9568530) 
thrown [e:\jenkins\tmp\workspace\build\src\src\hotspot\share\interpreter\linkResolver.cpp, line 766]
Event: 318.443 Thread 0x0000011ed68cb610 Exception <a 'sun/net/ConnectionResetException'{0x00000000c8ff30c0}: Connection reset> (0x00000000c8ff30c0) 
thrown [e:\jenkins\tmp\workspace\build\src\src\hotspot\share\prims\jni.cpp, line 535]
Event: 318.443 Thread 0x0000011ed68cd2f0 Exception <a 'sun/net/ConnectionResetException'{0x00000000c8e2ce70}: Connection reset> (0x00000000c8e2ce70) 
thrown [e:\jenkins\tmp\workspace\build\src\src\hotspot\share\prims\jni.cpp, line 535]
Event: 5385.339 Thread 0x0000011ed68bac10 Implicit null exception at 0x0000011ec55d0429 to 0x0000011ec55d0690
Event: 5386.338 Thread 0x0000011ed68bac10 Implicit null exception at 0x0000011ec55d0429 to 0x0000011ec55d0690
Event: 5387.339 Thread 0x0000011ed68ba740 Implicit null exception at 0x0000011ec55d0429 to 0x0000011ec55d0690
Event: 5388.337 Thread 0x0000011ed68ba740 Implicit null exception at 0x0000011ec55d0429 to 0x0000011ec55d0690
Event: 7626.234 Thread 0x0000011ed68cc480 Exception <a 'sun/net/ConnectionResetException'{0x00000000c90ba8e8}: Connection reset> (0x00000000c90ba8e8) 
thrown [e:\jenkins\tmp\workspace\build\src\src\hotspot\share\prims\jni.cpp, line 535]
Event: 7626.234 Thread 0x0000011ed68cd2f0 Exception <a 'sun/net/ConnectionResetException'{0x00000000c8f1dfe0}: Connection reset> (0x00000000c8f1dfe0) 
thrown [e:\jenkins\tmp\workspace\build\src\src\hotspot\share\prims\jni.cpp, line 535]
Event: 18174.599 Thread 0x0000011ed68cb610 Exception <a 'sun/net/ConnectionResetException'{0x00000000c8092fb0}: Connection reset> (0x00000000c8092fb0) 
thrown [e:\jenkins\tmp\workspace\build\src\src\hotspot\share\prims\jni.cpp, line 535]
Event: 18174.599 Thread 0x0000011ed68cbfb0 Exception <a 'sun/net/ConnectionResetException'{0x00000000c80715e0}: Connection reset> (0x00000000c80715e0) 
thrown [e:\jenkins\tmp\workspace\build\src\src\hotspot\share\prims\jni.cpp, line 535]
Event: 20093.815 Thread 0x0000011ed68cd2f0 Exception <a 'sun/net/ConnectionResetException'{0x00000000c8dfba68}: Connection reset> (0x00000000c8dfba68) 
thrown [e:\jenkins\tmp\workspace\build\src\src\hotspot\share\prims\jni.cpp, line 535]
Event: 20093.815 Thread 0x0000011ed68cc480 Exception <a 'sun/net/ConnectionResetException'{0x00000000c8c00d98}: Connection reset> (0x00000000c8c00d98) 
thrown [e:\jenkins\tmp\workspace\build\src\src\hotspot\share\prims\jni.cpp, line 535]

VM Operations (20 events):
Event: 16537.472 Executing VM operation: Cleanup
Event: 16537.472 Executing VM operation: Cleanup done
Event: 16678.556 Executing VM operation: Cleanup
Event: 16678.558 Executing VM operation: Cleanup done
Event: 16748.598 Executing VM operation: Cleanup
Event: 16748.600 Executing VM operation: Cleanup done
Event: 17362.881 Executing VM operation: Cleanup
Event: 17362.884 Executing VM operation: Cleanup done
Event: 18009.169 Executing VM operation: Cleanup
Event: 18009.175 Executing VM operation: Cleanup done
Event: 18198.261 Executing VM operation: Cleanup
Event: 18198.263 Executing VM operation: Cleanup done
Event: 18538.807 Executing VM operation: G1CollectForAllocation
Event: 18538.892 Executing VM operation: G1CollectForAllocation done
Event: 18540.892 Executing VM operation: Cleanup
Event: 18540.892 Executing VM operation: Cleanup done
Event: 19237.250 Executing VM operation: Cleanup
Event: 19237.257 Executing VM operation: Cleanup done
Event: 20077.683 Executing VM operation: Cleanup
Event: 20077.689 Executing VM operation: Cleanup done

Events (20 events):
Event: 153.709 Thread 0x0000011ed1fc33d0 flushing nmethod 0x0000011ebe6d9310
Event: 153.710 Thread 0x0000011ed1fc33d0 flushing nmethod 0x0000011ebe70f390
Event: 153.710 Thread 0x0000011ed1fc33d0 flushing nmethod 0x0000011ebe710410
Event: 153.710 Thread 0x0000011ed1fc33d0 flushing nmethod 0x0000011ebe720f10
Event: 153.710 Thread 0x0000011ed1fc33d0 flushing nmethod 0x0000011ebe743d90
Event: 153.710 Thread 0x0000011ed1fc33d0 flushing nmethod 0x0000011ebe747590
Event: 153.710 Thread 0x0000011ed1fc33d0 flushing nmethod 0x0000011ebe74f410
Event: 153.710 Thread 0x0000011ed1fc33d0 flushing nmethod 0x0000011ebe774610
Event: 153.710 Thread 0x0000011ed1fc33d0 flushing nmethod 0x0000011ebe777010
Event: 153.711 Thread 0x0000011ed1fc33d0 flushing nmethod 0x0000011ebe7bec10
Event: 153.711 Thread 0x0000011ed1fc33d0 flushing nmethod 0x0000011ebe7bf290
Event: 153.711 Thread 0x0000011ed1fc33d0 flushing nmethod 0x0000011ebe7bf890
Event: 318.434 loading class sun/net/ConnectionResetException
Event: 318.442 loading class sun/net/ConnectionResetException done
Event: 1363.655 loading class java/util/concurrent/locks/ReentrantReadWriteLock$Sync$HoldCounter
Event: 1363.675 loading class java/util/concurrent/locks/ReentrantReadWriteLock$Sync$HoldCounter done
Event: 8038.379 loading class jdk/internal/misc/ScopedMemoryAccess$Scope$Handle
Event: 8038.428 loading class jdk/internal/misc/ScopedMemoryAccess$Scope$Handle done
Event: 11340.064 Thread 0x0000011ed1fc33d0 flushing nmethod 0x0000011ebddc6010
Event: 11340.166 Thread 0x0000011ed1fc33d0 flushing nmethod 0x0000011ebe0c8c10


Dynamic libraries:
0x00007ff72dbc0000 - 0x00007ff72dbce000 	C:\Users\SHREE\Desktop\sts-4.15.2.RELEASE\plugins\org.eclipse.justj.openjdk.hotspot.jre.full.win32.x86_64_17.0.3.v20220515-1416\jre\bin\javaw.exe
0x00007ff8121b0000 - 0x00007ff8123a8000 	C:\Windows\SYSTEM32\ntdll.dll
0x00007ff810340000 - 0x00007ff8103fd000 	C:\Windows\System32\KERNEL32.DLL
0x00007ff80fc90000 - 0x00007ff80ff5e000 	C:\Windows\System32\KERNELBASE.dll
0x00007ff810110000 - 0x00007ff810210000 	C:\Windows\System32\ucrtbase.dll
0x00007ff8035e0000 - 0x00007ff8035f9000 	C:\Users\SHREE\Desktop\sts-4.15.2.RELEASE\plugins\org.eclipse.justj.openjdk.hotspot.jre.full.win32.x86_64_17.0.3.v20220515-1416\jre\bin\VCRUNTIME140.dll
0x00007ff803260000 - 0x00007ff803278000 	C:\Users\SHREE\Desktop\sts-4.15.2.RELEASE\plugins\org.eclipse.justj.openjdk.hotspot.jre.full.win32.x86_64_17.0.3.v20220515-1416\jre\bin\jli.dll
0x00007ff8111d0000 - 0x00007ff811370000 	C:\Windows\System32\USER32.dll
0x00007ffffb5e0000 - 0x00007ffffb87a000 	C:\Windows\WinSxS\amd64_microsoft.windows.common-controls_6595b64144ccf1df_6.0.19041.1110_none_60b5254171f9507e\COMCTL32.dll
0x00007ff80ff60000 - 0x00007ff80ff82000 	C:\Windows\System32\win32u.dll
0x00007ff811050000 - 0x00007ff8110ee000 	C:\Windows\System32\msvcrt.dll
0x00007ff8116c0000 - 0x00007ff8116ea000 	C:\Windows\System32\GDI32.dll
0x00007ff80f980000 - 0x00007ff80fa8b000 	C:\Windows\System32\gdi32full.dll
0x00007ff80ff90000 - 0x00007ff81002d000 	C:\Windows\System32\msvcp_win.dll
0x00007ff812090000 - 0x00007ff8120c0000 	C:\Windows\System32\IMM32.DLL
0x00007ff80b2b0000 - 0x00007ff80b2bc000 	C:\Users\SHREE\Desktop\sts-4.15.2.RELEASE\plugins\org.eclipse.justj.openjdk.hotspot.jre.full.win32.x86_64_17.0.3.v20220515-1416\jre\bin\vcruntime140_1.dll
0x00007fffecaf0000 - 0x00007fffecb81000 	C:\Users\SHREE\Desktop\sts-4.15.2.RELEASE\plugins\org.eclipse.justj.openjdk.hotspot.jre.full.win32.x86_64_17.0.3.v20220515-1416\jre\bin\msvcp140.dll
0x00007fffb9800000 - 0x00007fffba448000 	C:\Users\SHREE\Desktop\sts-4.15.2.RELEASE\plugins\org.eclipse.justj.openjdk.hotspot.jre.full.win32.x86_64_17.0.3.v20220515-1416\jre\bin\server\jvm.dll
0x00007ff8116f0000 - 0x00007ff81179e000 	C:\Windows\System32\ADVAPI32.dll
0x00007ff8117a0000 - 0x00007ff81183c000 	C:\Windows\System32\sechost.dll
0x00007ff811ee0000 - 0x00007ff812005000 	C:\Windows\System32\RPCRT4.dll
0x00007ff810fe0000 - 0x00007ff810fe8000 	C:\Windows\System32\PSAPI.DLL
0x00007ff80abd0000 - 0x00007ff80abd9000 	C:\Windows\SYSTEM32\WSOCK32.dll
0x00007ff809260000 - 0x00007ff80926a000 	C:\Windows\SYSTEM32\VERSION.dll
0x00007ff805e90000 - 0x00007ff805eb7000 	C:\Windows\SYSTEM32\WINMM.dll
0x00007ff811150000 - 0x00007ff8111bb000 	C:\Windows\System32\WS2_32.dll
0x00007ff80d790000 - 0x00007ff80d7a2000 	C:\Windows\SYSTEM32\kernel.appcore.dll
0x00007ff80abc0000 - 0x00007ff80abca000 	C:\Users\SHREE\Desktop\sts-4.15.2.RELEASE\plugins\org.eclipse.justj.openjdk.hotspot.jre.full.win32.x86_64_17.0.3.v20220515-1416\jre\bin\jimage.dll
0x00007ff802e60000 - 0x00007ff803044000 	C:\Windows\SYSTEM32\DBGHELP.DLL
0x00007ffffbec0000 - 0x00007ffffbeec000 	C:\Windows\SYSTEM32\dbgcore.DLL
0x00007ff810030000 - 0x00007ff8100b2000 	C:\Windows\System32\bcryptPrimitives.dll
0x00007ff809b80000 - 0x00007ff809ba5000 	C:\Users\SHREE\Desktop\sts-4.15.2.RELEASE\plugins\org.eclipse.justj.openjdk.hotspot.jre.full.win32.x86_64_17.0.3.v20220515-1416\jre\bin\java.dll
0x00007ff809c30000 - 0x00007ff809c48000 	C:\Users\SHREE\Desktop\sts-4.15.2.RELEASE\plugins\org.eclipse.justj.openjdk.hotspot.jre.full.win32.x86_64_17.0.3.v20220515-1416\jre\bin\zip.dll
0x00007ff810890000 - 0x00007ff810fd4000 	C:\Windows\System32\SHELL32.dll
0x00007ff80d990000 - 0x00007ff80e124000 	C:\Windows\SYSTEM32\windows.storage.dll
0x00007ff810530000 - 0x00007ff810884000 	C:\Windows\System32\combase.dll
0x00007ff80f260000 - 0x00007ff80f290000 	C:\Windows\SYSTEM32\Wldp.dll
0x00007ff8120c0000 - 0x00007ff81216d000 	C:\Windows\System32\SHCORE.dll
0x00007ff810210000 - 0x00007ff810265000 	C:\Windows\System32\shlwapi.dll
0x00007ff80f810000 - 0x00007ff80f82f000 	C:\Windows\SYSTEM32\profapi.dll
0x00007ff809bc0000 - 0x00007ff809bd9000 	C:\Users\SHREE\Desktop\sts-4.15.2.RELEASE\plugins\org.eclipse.justj.openjdk.hotspot.jre.full.win32.x86_64_17.0.3.v20220515-1416\jre\bin\net.dll
0x00007ff800450000 - 0x00007ff80055a000 	C:\Windows\SYSTEM32\WINHTTP.dll
0x00007ff80ef70000 - 0x00007ff80efda000 	C:\Windows\system32\mswsock.dll
0x00007ff809950000 - 0x00007ff809965000 	C:\Users\SHREE\Desktop\sts-4.15.2.RELEASE\plugins\org.eclipse.justj.openjdk.hotspot.jre.full.win32.x86_64_17.0.3.v20220515-1416\jre\bin\nio.dll
0x00007ff80a280000 - 0x00007ff80a290000 	C:\Users\SHREE\Desktop\sts-4.15.2.RELEASE\plugins\org.eclipse.justj.openjdk.hotspot.jre.full.win32.x86_64_17.0.3.v20220515-1416\jre\bin\verify.dll
0x00007ff80ec80000 - 0x00007ff80ecbb000 	C:\Windows\SYSTEM32\IPHLPAPI.DLL
0x00007ff8111c0000 - 0x00007ff8111c8000 	C:\Windows\System32\NSI.dll
0x00007ff806870000 - 0x00007ff806887000 	C:\Windows\SYSTEM32\dhcpcsvc6.DLL
0x00007ff807f60000 - 0x00007ff807f7d000 	C:\Windows\SYSTEM32\dhcpcsvc.DLL
0x00007ff80ecc0000 - 0x00007ff80ed8a000 	C:\Windows\SYSTEM32\DNSAPI.dll
0x00007ff800000000 - 0x00007ff80000a000 	C:\Windows\System32\rasadhlp.dll
0x00007ff8039e0000 - 0x00007ff803a60000 	C:\Windows\System32\fwpuclnt.dll
0x00007ff80fa90000 - 0x00007ff80fab7000 	C:\Windows\System32\bcrypt.dll
0x00007ff8091a0000 - 0x00007ff8091a9000 	C:\Users\SHREE\Desktop\sts-4.15.2.RELEASE\plugins\org.eclipse.justj.openjdk.hotspot.jre.full.win32.x86_64_17.0.3.v20220515-1416\jre\bin\management.dll
0x00007ff8068f0000 - 0x00007ff8068fb000 	C:\Users\SHREE\Desktop\sts-4.15.2.RELEASE\plugins\org.eclipse.justj.openjdk.hotspot.jre.full.win32.x86_64_17.0.3.v20220515-1416\jre\bin\management_ext.dll
0x00007ffff3ec0000 - 0x00007ffff3ed7000 	C:\Windows\system32\napinsp.dll
0x00007ffff3ea0000 - 0x00007ffff3ebb000 	C:\Windows\system32\pnrpnsp.dll
0x00007ffff3e60000 - 0x00007ffff3e75000 	C:\Windows\system32\wshbth.dll
0x00007ff80b280000 - 0x00007ff80b29d000 	C:\Windows\system32\NLAapi.dll
0x00007ffff3e10000 - 0x00007ffff3e22000 	C:\Windows\System32\winrnr.dll
0x00007ff80f140000 - 0x00007ff80f158000 	C:\Windows\SYSTEM32\CRYPTSP.dll
0x00007ff80e900000 - 0x00007ff80e934000 	C:\Windows\system32\rsaenh.dll
0x00007ff80f790000 - 0x00007ff80f7be000 	C:\Windows\SYSTEM32\USERENV.dll
0x00007ff80f130000 - 0x00007ff80f13c000 	C:\Windows\SYSTEM32\CRYPTBASE.dll
0x00007ff809210000 - 0x00007ff80921e000 	C:\Users\SHREE\Desktop\sts-4.15.2.RELEASE\plugins\org.eclipse.justj.openjdk.hotspot.jre.full.win32.x86_64_17.0.3.v20220515-1416\jre\bin\sunmscapi.dll
0x00007ff80fb30000 - 0x00007ff80fc86000 	C:\Windows\System32\CRYPT32.dll
0x00007ff80f330000 - 0x00007ff80f357000 	C:\Windows\SYSTEM32\ncrypt.dll
0x00007ff80f290000 - 0x00007ff80f2cb000 	C:\Windows\SYSTEM32\NTASN1.dll
0x00007ff8038d0000 - 0x00007ff8038d7000 	C:\Windows\system32\wshunix.dll

dbghelp: loaded successfully - version: 4.0.5 - missing functions: none
symbol engine: initialized successfully - sym options: 0x614 - pdb path: .;C:\Users\SHREE\Desktop\sts-4.15.2.RELEASE\plugins\org.eclipse.justj.openjdk.hotspot.jre.full.win32.x86_64_17.0.3.v20220515-1416\jre\bin;C:\Windows\SYSTEM32;C:\Windows\WinSxS\amd64_microsoft.windows.common-controls_6595b64144ccf1df_6.0.19041.1110_none_60b5254171f9507e;C:\Users\SHREE\Desktop\sts-4.15.2.RELEASE\plugins\org.eclipse.justj.openjdk.hotspot.jre.full.win32.x86_64_17.0.3.v20220515-1416\jre\bin\server

VM Arguments:
jvm_args: -Dfile.encoding=UTF-8 -XX:+ShowCodeDetailsInExceptionMessages 
java_command: com.apiServer.ApiFbsDiscoveryServerApplication
java_class_path (initial): C:\Users\SHREE\Documents\workspace-spring-tool-suite-4-4.15.2.RELEASE\APIFbsDiscoveryServer\target\classes;C:\Users\SHREE\.m2\repository\org\springframework\cloud\spring-cloud-starter-netflix-eureka-server\3.1.3\spring-cloud-starter-netflix-eureka-server-3.1.3.jar;C:\Users\SHREE\.m2\repository\org\springframework\cloud\spring-cloud-starter\3.1.3\spring-cloud-starter-3.1.3.jar;C:\Users\SHREE\.m2\repository\org\springframework\cloud\spring-cloud-context\3.1.3\spring-cloud-context-3.1.3.jar;C:\Users\SHREE\.m2\repository\org\springframework\security\spring-security-crypto\5.7.3\spring-security-crypto-5.7.3.jar;C:\Users\SHREE\.m2\repository\org\springframework\cloud\spring-cloud-commons\3.1.3\spring-cloud-commons-3.1.3.jar;C:\Users\SHREE\.m2\repository\org\springframework\security\spring-security-rsa\1.0.10.RELEASE\spring-security-rsa-1.0.10.RELEASE.jar;C:\Users\SHREE\.m2\repository\org\bouncycastle\bcpkix-jdk15on\1.68\bcpkix-jdk15on-1.68.jar;C:\Users\SHREE\.m2\repository\org\bouncycastle\bcprov-jdk15on\1.68\bcprov-jdk15on-1.68.jar;C:\Users\SHREE\.m2\repository\org\springframework\cloud\spring-cloud-netflix-eureka-server\3.1.3\spring-cloud-netflix-eureka-server-3.1.3.jar;C:\Users\SHREE\.m2\repository\org\springframework\boot\spring-boot-starter-web\2.7.3\spring-boot-starter-web-2.7.3.jar;C:\Users\SHREE\.m2\repository\org\springframework\boot\spring-boot-starter-json\2.7.3\spring-boot-starter-json-2.7.3.jar;C:\Users\SHREE\.m2\repository\com\fasterxml\jackson\datatype\jackson-datatype-jdk8\2.13.3\jackson-datatype-jdk8-2.13.3.jar;C:\Users\SHREE\.m2\repository\com\fasterxml\jackson\datatype\jackson-datatype-jsr310\2.13.3\jackson-datatype-jsr310-2.13.3.jar;C:\Users\SHREE\.m2\repository\com\fasterxml\jackson\module\jackson-module-parameter-names\2.13.3\jackson-module-parameter-names-2.13.3.jar;C:\Users\SHREE\.m2\repository\org\springframework\boot\spring-boot-starter-tomcat\2.7.3\spring-boot-starter-tomcat-2.7.3.jar;C:\Users\SHREE\.m2\repository\or
Launcher Type: SUN_STANDARD

[Global flags]
     intx CICompilerCount                          = 4                                         {product} {ergonomic}
     uint ConcGCThreads                            = 2                                         {product} {ergonomic}
     uint G1ConcRefinementThreads                  = 8                                         {product} {ergonomic}
   size_t G1HeapRegionSize                         = 1048576                                   {product} {ergonomic}
    uintx GCDrainStackTargetSize                   = 64                                        {product} {ergonomic}
   size_t InitialHeapSize                          = 62914560                                  {product} {ergonomic}
   size_t MarkStackSize                            = 4194304                                   {product} {ergonomic}
   size_t MaxHeapSize                              = 979369984                                 {product} {ergonomic}
   size_t MaxNewSize                               = 587202560                                 {product} {ergonomic}
   size_t MinHeapDeltaBytes                        = 1048576                                   {product} {ergonomic}
   size_t MinHeapSize                              = 8388608                                   {product} {ergonomic}
    uintx NonNMethodCodeHeapSize                   = 5839372                                {pd product} {ergonomic}
    uintx NonProfiledCodeHeapSize                  = 122909434                              {pd product} {ergonomic}
    uintx ProfiledCodeHeapSize                     = 122909434                              {pd product} {ergonomic}
    uintx ReservedCodeCacheSize                    = 251658240                              {pd product} {ergonomic}
     bool SegmentedCodeCache                       = true                                      {product} {ergonomic}
     bool ShowCodeDetailsInExceptionMessages       = true                                   {manageable} {command line}
   size_t SoftMaxHeapSize                          = 979369984                              {manageable} {ergonomic}
     bool UseCompressedClassPointers               = true                           {product lp64_product} {ergonomic}
     bool UseCompressedOops                        = true                           {product lp64_product} {ergonomic}
     bool UseG1GC                                  = true                                      {product} {ergonomic}
     bool UseLargePagesIndividualAllocation        = false                                  {pd product} {ergonomic}

Logging:
Log output configuration:
 #0: stdout all=warning uptime,level,tags
 #1: stderr all=off uptime,level,tags

Environment Variables:
JAVA_HOME=C:\Program Files\Java\jdk-11.0.16
PATH=C:/Users/SHREE/Desktop/sts-4.15.2.RELEASE//plugins/org.eclipse.justj.openjdk.hotspot.jre.full.win32.x86_64_17.0.3.v20220515-1416/jre/bin/server;C:/Users/SHREE/Desktop/sts-4.15.2.RELEASE//plugins/org.eclipse.justj.openjdk.hotspot.jre.full.win32.x86_64_17.0.3.v20220515-1416/jre/bin;C:\Python310\Scripts\;C:\Python310\;C:\Program Files\Common Files\Oracle\Java\javapath;C:\Windows\system32;C:\Windows;C:\Windows\System32\Wbem;C:\Windows\System32\WindowsPowerShell\v1.0\;C:\Windows\System32\OpenSSH\;C:\Program Files\nodejs\;C:\ProgramData\chocolatey\bin;C:\Program Files\Git\cmd;C:\Program Files\Docker\Docker\resources\bin;C:\ProgramData\DockerDesktop\version-bin;C:\Users\SHREE\AppData\Local\Microsoft\WindowsApps;C:\Users\SHREE\AppData\Local\Programs\Microsoft VS Code\bin;C:\Users\SHREE\AppData\Roaming\npm;C:\Users\SHREE\Desktop\sonarqued\apache-maven-3.8.6\bin;C:\Program Files\Java\jdk-11.0.16\bin;;C:\Users\SHREE\Desktop\sts-4.15.2.RELEASE;
USERNAME=KALYANI
OS=Windows_NT
PROCESSOR_IDENTIFIER=AMD64 Family 23 Model 17 Stepping 0, AuthenticAMD



---------------  S Y S T E M  ---------------

OS:
 Windows 10 , 64 bit Build 19041 (10.0.19041.1889)
OS uptime: 2 days 18:46 hours
Hyper-V role detected

CPU: total 8 (initial active 8) (8 cores per cpu, 2 threads per core) family 23 model 17 stepping 0 microcode 0x0, cx8, cmov, fxsr, ht, mmx, 3dnowpref, sse, sse2, sse3, ssse3, sse4a, sse4.1, sse4.2, popcnt, lzcnt, tsc, tscinvbit, avx, avx2, aes, clmul, bmi1, bmi2, adx, sha, fma, vzeroupper, clflush, clflushopt, hv

Memory: 4k page, system-wide physical 3732M (104M free)
TotalPageFile size 14996M (AvailPageFile size 3M)
current process WorkingSet (physical memory assigned to process): 23M, peak: 213M
current process commit charge ("private bytes"): 235M, peak: 254M

vm_info: OpenJDK 64-Bit Server VM (17.0.3+7) for windows-amd64 JRE (17.0.3+7), built on Apr 19 2022 16:55:35 by "" with MS VC++ 16.7 (VS2019)

END.
