#
# There is insufficient memory for the Java Runtime Environment to continue.
# Native memory allocation (malloc) failed to allocate 529856 bytes for Chunk::new
# Possible reasons:
#   The system is out of physical RAM or swap space
#   The process is running with CompressedOops enabled, and the Java Heap may be blocking the growth of the native heap
# Possible solutions:
#   Reduce memory load on the system
#   Increase physical memory or swap space
#   Check if swap backing store is full
#   Decrease Java heap size (-Xmx/-Xms)
#   Decrease number of Java threads
#   Decrease Java thread stack sizes (-Xss)
#   Set larger code cache with -XX:ReservedCodeCacheSize=
#   JVM is running with Unscaled Compressed Oops mode in which the Java heap is
#     placed in the first 4GB address space. The Java Heap base address is the
#     maximum limit for the native heap growth. Please use -XX:HeapBaseMinAddress
#     to set the Java Heap base and to place the Java Heap above 4GB virtual address.
# This output file may be truncated or incomplete.
#
#  Out of Memory Error (arena.cpp:189), pid=13316, tid=10436
#
# JRE version: OpenJDK Runtime Environment Temurin-17.0.3+7 (17.0.3+7) (build 17.0.3+7)
# Java VM: OpenJDK 64-Bit Server VM Temurin-17.0.3+7 (17.0.3+7, mixed mode, tiered, compressed oops, compressed class ptrs, g1 gc, windows-amd64)
# No core dump will be written. Minidumps are not enabled by default on client versions of Windows
#

---------------  S U M M A R Y ------------

Command Line: -Dfile.encoding=UTF-8 -XX:+ShowCodeDetailsInExceptionMessages com.user.api.UserrApplication

Host: AMD Ryzen 5 2500U with Radeon Vega Mobile Gfx  , 8 cores, 3G,  Windows 10 , 64 bit Build 19041 (10.0.19041.1889)
Time: Thu Sep 15 16:28:42 2022 India Standard Time elapsed time: 21079.585734 seconds (0d 5h 51m 19s)

---------------  T H R E A D  ---------------

Current thread (0x00000254c8e650a0):  JavaThread "C2 CompilerThread0" daemon [_thread_in_native, id=10436, stack(0x000000acf8500000,0x000000acf8600000)]


Current CompileTask:
C2:21079586 10877       4       com.fasterxml.jackson.databind.introspect.AnnotatedClassResolver::resolveClassAnnotations (219 bytes)

Stack: [0x000000acf8500000,0x000000acf8600000]
Native frames: (J=compiled Java code, j=interpreted, Vv=VM code, C=native code)
V  [jvm.dll+0x675efa]
V  [jvm.dll+0x830a24]
V  [jvm.dll+0x8321ce]
V  [jvm.dll+0x832833]
V  [jvm.dll+0x2454b5]
V  [jvm.dll+0xabd7b]
V  [jvm.dll+0xac30c]
V  [jvm.dll+0x2ac5bf]
V  [jvm.dll+0x57cd09]
V  [jvm.dll+0x22056d]
V  [jvm.dll+0x22094f]
V  [jvm.dll+0x21a1b5]
V  [jvm.dll+0x21767b]
V  [jvm.dll+0x1a3ccd]
V  [jvm.dll+0x227178]
V  [jvm.dll+0x2252bc]
V  [jvm.dll+0x7e673b]
V  [jvm.dll+0x7e0cfa]
V  [jvm.dll+0x674d85]
C  [ucrtbase.dll+0x21bb2]
C  [KERNEL32.DLL+0x17034]
C  [ntdll.dll+0x52651]


---------------  P R O C E S S  ---------------

Threads class SMR info:
_java_thread_list=0x00000254cd202dd0, length=39, elements={
0x00000254c8e14470, 0x00000254c8e17500, 0x00000254c8e45660, 0x00000254c8e47220,
0x00000254c8e4a4f0, 0x00000254c8e60270, 0x00000254c8e650a0, 0x00000254c8e6e9c0,
0x00000254c8e7aee0, 0x00000254c8e615b0, 0x00000254c8e61f50, 0x00000254c8e63760,
0x00000254c8e5fda0, 0x00000254c8e60740, 0x00000254c8e60c10, 0x00000254c8e610e0,
0x00000254cf033590, 0x00000254cf030f10, 0x00000254cf034400, 0x00000254cf02f230,
0x00000254cf02e3c0, 0x00000254cf033a60, 0x00000254cf02f700, 0x00000254cf02e890,
0x00000254cf031d80, 0x00000254cf033f30, 0x00000254cf032250, 0x00000254cf0348d0,
0x00000254cf02ed60, 0x00000254cf032720, 0x00000254cf0300a0, 0x00000254cf02d080,
0x00000254cf02d550, 0x00000254cf02da20, 0x00000254cf02def0, 0x00000254cf030a40,
0x00000254c8e61a80, 0x00000254c8e628f0, 0x00000254cb055210
}

Java Threads: ( => current thread )
  0x00000254c8e14470 JavaThread "Reference Handler" daemon [_thread_blocked, id=17120, stack(0x000000acf7f00000,0x000000acf8000000)]
  0x00000254c8e17500 JavaThread "Finalizer" daemon [_thread_blocked, id=10996, stack(0x000000acf8000000,0x000000acf8100000)]
  0x00000254c8e45660 JavaThread "Signal Dispatcher" daemon [_thread_blocked, id=7164, stack(0x000000acf8100000,0x000000acf8200000)]
  0x00000254c8e47220 JavaThread "Attach Listener" daemon [_thread_blocked, id=14728, stack(0x000000acf8200000,0x000000acf8300000)]
  0x00000254c8e4a4f0 JavaThread "Service Thread" daemon [_thread_blocked, id=15136, stack(0x000000acf8300000,0x000000acf8400000)]
  0x00000254c8e60270 JavaThread "Monitor Deflation Thread" daemon [_thread_blocked, id=6200, stack(0x000000acf8400000,0x000000acf8500000)]
=>0x00000254c8e650a0 JavaThread "C2 CompilerThread0" daemon [_thread_in_native, id=10436, stack(0x000000acf8500000,0x000000acf8600000)]
  0x00000254c8e6e9c0 JavaThread "C1 CompilerThread0" daemon [_thread_blocked, id=13412, stack(0x000000acf8600000,0x000000acf8700000)]
  0x00000254c8e7aee0 JavaThread "Sweeper thread" daemon [_thread_blocked, id=10944, stack(0x000000acf8700000,0x000000acf8800000)]
  0x00000254c8e615b0 JavaThread "Notification Thread" daemon [_thread_blocked, id=18956, stack(0x000000acf8800000,0x000000acf8900000)]
  0x00000254c8e61f50 JavaThread "Common-Cleaner" daemon [_thread_blocked, id=2948, stack(0x000000acf8a00000,0x000000acf8b00000)]
  0x00000254c8e63760 JavaThread "Catalina-utility-1" [_thread_blocked, id=17476, stack(0x000000acf9400000,0x000000acf9500000)]
  0x00000254c8e5fda0 JavaThread "Catalina-utility-2" [_thread_blocked, id=9624, stack(0x000000acf9600000,0x000000acf9700000)]
  0x00000254c8e60740 JavaThread "container-0" [_thread_blocked, id=13024, stack(0x000000acf9700000,0x000000acf9800000)]
  0x00000254c8e60c10 JavaThread "Abandoned connection cleanup thread" daemon [_thread_blocked, id=16112, stack(0x000000acf9800000,0x000000acf9900000)]
  0x00000254c8e610e0 JavaThread "HikariPool-1 housekeeper" daemon [_thread_blocked, id=8752, stack(0x000000acf9a00000,0x000000acf9b00000)]
  0x00000254cf033590 JavaThread "Live Reload Server" daemon [_thread_in_native, id=7580, stack(0x000000acf9f00000,0x000000acfa000000)]
  0x00000254cf030f10 JavaThread "File Watcher" daemon [_thread_blocked, id=10040, stack(0x000000acf9e00000,0x000000acf9f00000)]
  0x00000254cf034400 JavaThread "spring.cloud.inetutils" daemon [_thread_blocked, id=19016, stack(0x000000acfa000000,0x000000acfa100000)]
  0x00000254cf02f230 JavaThread "AsyncResolver-bootstrap-0" daemon [_thread_blocked, id=6600, stack(0x000000acf9b00000,0x000000acf9c00000)]
  0x00000254cf02e3c0 JavaThread "DiscoveryClient-0" daemon [_thread_blocked, id=2736, stack(0x000000acfa100000,0x000000acfa200000)]
  0x00000254cf033a60 JavaThread "DiscoveryClient-1" daemon [_thread_blocked, id=11800, stack(0x000000acfa200000,0x000000acfa300000)]
  0x00000254cf02f700 JavaThread "DiscoveryClient-InstanceInfoReplicator-0" daemon [_thread_blocked, id=5496, stack(0x000000acfa300000,0x000000acfa400000)]
  0x00000254cf02e890 JavaThread "http-nio-8083-exec-1" daemon [_thread_blocked, id=16612, stack(0x000000acfa400000,0x000000acfa500000)]
  0x00000254cf031d80 JavaThread "http-nio-8083-exec-2" daemon [_thread_blocked, id=19112, stack(0x000000acfa500000,0x000000acfa600000)]
  0x00000254cf033f30 JavaThread "http-nio-8083-exec-3" daemon [_thread_blocked, id=10152, stack(0x000000acfa600000,0x000000acfa700000)]
  0x00000254cf032250 JavaThread "http-nio-8083-exec-4" daemon [_thread_blocked, id=18536, stack(0x000000acfa700000,0x000000acfa800000)]
  0x00000254cf0348d0 JavaThread "http-nio-8083-exec-5" daemon [_thread_blocked, id=2368, stack(0x000000acfa800000,0x000000acfa900000)]
  0x00000254cf02ed60 JavaThread "http-nio-8083-exec-6" daemon [_thread_blocked, id=6712, stack(0x000000acfa900000,0x000000acfaa00000)]
  0x00000254cf032720 JavaThread "http-nio-8083-exec-7" daemon [_thread_blocked, id=16864, stack(0x000000acfaa00000,0x000000acfab00000)]
  0x00000254cf0300a0 JavaThread "http-nio-8083-exec-8" daemon [_thread_blocked, id=2448, stack(0x000000acfab00000,0x000000acfac00000)]
  0x00000254cf02d080 JavaThread "http-nio-8083-exec-9" daemon [_thread_blocked, id=4012, stack(0x000000acfac00000,0x000000acfad00000)]
  0x00000254cf02d550 JavaThread "http-nio-8083-exec-10" daemon [_thread_blocked, id=16360, stack(0x000000acfad00000,0x000000acfae00000)]
  0x00000254cf02da20 JavaThread "http-nio-8083-Poller" daemon [_thread_in_native, id=6748, stack(0x000000acfae00000,0x000000acfaf00000)]
  0x00000254cf02def0 JavaThread "http-nio-8083-Acceptor" daemon [_thread_in_native, id=7080, stack(0x000000acfaf00000,0x000000acfb000000)]
  0x00000254cf030a40 JavaThread "DestroyJavaVM" [_thread_blocked, id=2080, stack(0x000000acf7800000,0x000000acf7900000)]
  0x00000254c8e61a80 JavaThread "DiscoveryClient-CacheRefreshExecutor-0" daemon [_thread_blocked, id=6068, stack(0x000000acf9c00000,0x000000acf9d00000)]
  0x00000254c8e628f0 JavaThread "DiscoveryClient-HeartbeatExecutor-0" daemon [_thread_blocked, id=18644, stack(0x000000acf9d00000,0x000000acf9e00000)]
  0x00000254cb055210 JavaThread "AsyncResolver-bootstrap-executor-0" daemon [_thread_blocked, id=14680, stack(0x000000acf7700000,0x000000acf7800000)]

Other Threads:
  0x00000254c8df9000 VMThread "VM Thread" [stack: 0x000000acf7e00000,0x000000acf7f00000] [id=18744]
  0x00000254c9ab91f0 WatcherThread [stack: 0x000000acf8900000,0x000000acf8a00000] [id=2828]
  0x00000254b178da90 GCTaskThread "GC Thread#0" [stack: 0x000000acf7900000,0x000000acf7a00000] [id=14220]
  0x00000254ca6c2050 GCTaskThread "GC Thread#1" [stack: 0x000000acf8b00000,0x000000acf8c00000] [id=11964]
  0x00000254ca7ae3c0 GCTaskThread "GC Thread#2" [stack: 0x000000acf8c00000,0x000000acf8d00000] [id=13884]
  0x00000254ca69d480 GCTaskThread "GC Thread#3" [stack: 0x000000acf8d00000,0x000000acf8e00000] [id=16716]
  0x00000254ca38c4c0 GCTaskThread "GC Thread#4" [stack: 0x000000acf8e00000,0x000000acf8f00000] [id=10132]
  0x00000254ca179900 GCTaskThread "GC Thread#5" [stack: 0x000000acf8f00000,0x000000acf9000000] [id=5368]
  0x00000254cacd1100 GCTaskThread "GC Thread#6" [stack: 0x000000acf9200000,0x000000acf9300000] [id=15936]
  0x00000254cacd13b0 GCTaskThread "GC Thread#7" [stack: 0x000000acf9300000,0x000000acf9400000] [id=18148]
  0x00000254b17972b0 ConcurrentGCThread "G1 Main Marker" [stack: 0x000000acf7a00000,0x000000acf7b00000] [id=17576]
  0x00000254b1798a70 ConcurrentGCThread "G1 Conc#0" [stack: 0x000000acf7b00000,0x000000acf7c00000] [id=14344]
  0x00000254caa9ff00 ConcurrentGCThread "G1 Conc#1" [stack: 0x000000acf9500000,0x000000acf9600000] [id=10048]
  0x00000254b17e7650 ConcurrentGCThread "G1 Refine#0" [stack: 0x000000acf7c00000,0x000000acf7d00000] [id=15008]
  0x00000254b17e8070 ConcurrentGCThread "G1 Service" [stack: 0x000000acf7d00000,0x000000acf7e00000] [id=16352]

Threads with active compile tasks:
C2 CompilerThread0  21079671 10877       4       com.fasterxml.jackson.databind.introspect.AnnotatedClassResolver::resolveClassAnnotations (219 bytes)

VM state: not at safepoint (normal execution)

VM Mutex/Monitor currently owned by a thread: None

Heap address: 0x00000000c5a00000, size: 934 MB, Compressed Oops mode: 32-bit

CDS archive(s) not mapped
Compressed class space mapped at: 0x0000000100000000-0x0000000140000000, reserved size: 1073741824
Narrow klass base: 0x0000000000000000, Narrow klass shift: 3, Narrow klass range: 0x140000000

GC Precious Log:
 CPUs: 8 total, 8 available
 Memory: 3732M
 Large Page Support: Disabled
 NUMA Support: Disabled
 Compressed Oops: Enabled (32-bit)
 Heap Region Size: 1M
 Heap Min Capacity: 8M
 Heap Initial Capacity: 60M
 Heap Max Capacity: 934M
 Pre-touch: Disabled
 Parallel Workers: 8
 Concurrent Workers: 2
 Concurrent Refinement Workers: 8
 Periodic GC: Disabled

Heap:
 garbage-first heap   total 102400K, used 70177K [0x00000000c5a00000, 0x0000000100000000)
  region size 1024K, 27 young (27648K), 2 survivors (2048K)
 Metaspace       used 84155K, committed 84608K, reserved 1130496K
  class space    used 10637K, committed 10816K, reserved 1048576K

Heap Regions: E=young(eden), S=young(survivor), O=old, HS=humongous(starts), HC=humongous(continues), CS=collection set, F=free, OA=open archive, CA=closed archive, TAMS=top-at-mark-start (previous, next)
|   0|0x00000000c5a00000, 0x00000000c5b00000, 0x00000000c5b00000|100%|HS|  |TAMS 0x00000000c5b00000, 0x00000000c5a00000| Complete 
|   1|0x00000000c5b00000, 0x00000000c5c00000, 0x00000000c5c00000|100%| O|  |TAMS 0x00000000c5c00000, 0x00000000c5b00000| Untracked 
|   2|0x00000000c5c00000, 0x00000000c5d00000, 0x00000000c5d00000|100%| O|  |TAMS 0x00000000c5d00000, 0x00000000c5c00000| Untracked 
|   3|0x00000000c5d00000, 0x00000000c5e00000, 0x00000000c5e00000|100%| O|  |TAMS 0x00000000c5e00000, 0x00000000c5d00000| Untracked 
|   4|0x00000000c5e00000, 0x00000000c5f00000, 0x00000000c5f00000|100%| O|  |TAMS 0x00000000c5f00000, 0x00000000c5e00000| Untracked 
|   5|0x00000000c5f00000, 0x00000000c6000000, 0x00000000c6000000|100%| O|  |TAMS 0x00000000c6000000, 0x00000000c5f00000| Untracked 
|   6|0x00000000c6000000, 0x00000000c6100000, 0x00000000c6100000|100%| O|  |TAMS 0x00000000c6100000, 0x00000000c6000000| Untracked 
|   7|0x00000000c6100000, 0x00000000c6200000, 0x00000000c6200000|100%| O|  |TAMS 0x00000000c6200000, 0x00000000c6100000| Untracked 
|   8|0x00000000c6200000, 0x00000000c6300000, 0x00000000c6300000|100%| O|  |TAMS 0x00000000c6300000, 0x00000000c6200000| Untracked 
|   9|0x00000000c6300000, 0x00000000c6400000, 0x00000000c6400000|100%| O|  |TAMS 0x00000000c6400000, 0x00000000c6300000| Untracked 
|  10|0x00000000c6400000, 0x00000000c6500000, 0x00000000c6500000|100%| O|  |TAMS 0x00000000c6500000, 0x00000000c6400000| Untracked 
|  11|0x00000000c6500000, 0x00000000c6600000, 0x00000000c6600000|100%| O|  |TAMS 0x00000000c6500000, 0x00000000c6500000| Untracked 
|  12|0x00000000c6600000, 0x00000000c6700000, 0x00000000c6700000|100%| O|  |TAMS 0x00000000c6700000, 0x00000000c6600000| Untracked 
|  13|0x00000000c6700000, 0x00000000c6800000, 0x00000000c6800000|100%| O|  |TAMS 0x00000000c6800000, 0x00000000c6700000| Untracked 
|  14|0x00000000c6800000, 0x00000000c6900000, 0x00000000c6900000|100%| O|  |TAMS 0x00000000c6900000, 0x00000000c6800000| Untracked 
|  15|0x00000000c6900000, 0x00000000c6a00000, 0x00000000c6a00000|100%| O|  |TAMS 0x00000000c6a00000, 0x00000000c6900000| Untracked 
|  16|0x00000000c6a00000, 0x00000000c6b00000, 0x00000000c6b00000|100%| O|  |TAMS 0x00000000c6b00000, 0x00000000c6a00000| Untracked 
|  17|0x00000000c6b00000, 0x00000000c6c00000, 0x00000000c6c00000|100%| O|  |TAMS 0x00000000c6c00000, 0x00000000c6b00000| Untracked 
|  18|0x00000000c6c00000, 0x00000000c6d00000, 0x00000000c6d00000|100%| O|  |TAMS 0x00000000c6d00000, 0x00000000c6c00000| Untracked 
|  19|0x00000000c6d00000, 0x00000000c6e00000, 0x00000000c6e00000|100%| O|  |TAMS 0x00000000c6e00000, 0x00000000c6d00000| Untracked 
|  20|0x00000000c6e00000, 0x00000000c6f00000, 0x00000000c6f00000|100%| O|  |TAMS 0x00000000c6f00000, 0x00000000c6e00000| Untracked 
|  21|0x00000000c6f00000, 0x00000000c7000000, 0x00000000c7000000|100%| O|  |TAMS 0x00000000c7000000, 0x00000000c6f00000| Untracked 
|  22|0x00000000c7000000, 0x00000000c7100000, 0x00000000c7100000|100%| O|  |TAMS 0x00000000c7100000, 0x00000000c7000000| Untracked 
|  23|0x00000000c7100000, 0x00000000c7200000, 0x00000000c7200000|100%| O|  |TAMS 0x00000000c7200000, 0x00000000c7100000| Untracked 
|  24|0x00000000c7200000, 0x00000000c7300000, 0x00000000c7300000|100%| O|  |TAMS 0x00000000c7300000, 0x00000000c7200000| Untracked 
|  25|0x00000000c7300000, 0x00000000c7400000, 0x00000000c7400000|100%| O|  |TAMS 0x00000000c7400000, 0x00000000c7300000| Untracked 
|  26|0x00000000c7400000, 0x00000000c7500000, 0x00000000c7500000|100%| O|  |TAMS 0x00000000c7500000, 0x00000000c7400000| Untracked 
|  27|0x00000000c7500000, 0x00000000c7600000, 0x00000000c7600000|100%| O|  |TAMS 0x00000000c7600000, 0x00000000c7500000| Untracked 
|  28|0x00000000c7600000, 0x00000000c7700000, 0x00000000c7700000|100%| O|  |TAMS 0x00000000c7661c00, 0x00000000c7600000| Untracked 
|  29|0x00000000c7700000, 0x00000000c7800000, 0x00000000c7800000|100%| O|  |TAMS 0x00000000c7700000, 0x00000000c7700000| Untracked 
|  30|0x00000000c7800000, 0x00000000c7900000, 0x00000000c7900000|100%| O|  |TAMS 0x00000000c7800000, 0x00000000c7800000| Untracked 
|  31|0x00000000c7900000, 0x00000000c7a00000, 0x00000000c7a00000|100%| O|  |TAMS 0x00000000c7900000, 0x00000000c7900000| Untracked 
|  32|0x00000000c7a00000, 0x00000000c7b00000, 0x00000000c7b00000|100%| O|  |TAMS 0x00000000c7a00000, 0x00000000c7a00000| Untracked 
|  33|0x00000000c7b00000, 0x00000000c7c00000, 0x00000000c7c00000|100%| O|  |TAMS 0x00000000c7b00000, 0x00000000c7b00000| Untracked 
|  34|0x00000000c7c00000, 0x00000000c7d00000, 0x00000000c7d00000|100%| O|  |TAMS 0x00000000c7c00000, 0x00000000c7c00000| Untracked 
|  35|0x00000000c7d00000, 0x00000000c7e00000, 0x00000000c7e00000|100%| O|  |TAMS 0x00000000c7d00000, 0x00000000c7d00000| Untracked 
|  36|0x00000000c7e00000, 0x00000000c7f00000, 0x00000000c7f00000|100%| O|  |TAMS 0x00000000c7e00000, 0x00000000c7e00000| Untracked 
|  37|0x00000000c7f00000, 0x00000000c8000000, 0x00000000c8000000|100%| O|  |TAMS 0x00000000c7f00000, 0x00000000c7f00000| Untracked 
|  38|0x00000000c8000000, 0x00000000c8100000, 0x00000000c8100000|100%| O|  |TAMS 0x00000000c8000000, 0x00000000c8000000| Untracked 
|  39|0x00000000c8100000, 0x00000000c8200000, 0x00000000c8200000|100%| O|  |TAMS 0x00000000c8100000, 0x00000000c8100000| Untracked 
|  40|0x00000000c8200000, 0x00000000c8300000, 0x00000000c8300000|100%| O|  |TAMS 0x00000000c8200000, 0x00000000c8200000| Untracked 
|  41|0x00000000c8300000, 0x00000000c8400000, 0x00000000c8400000|100%| O|  |TAMS 0x00000000c8300000, 0x00000000c8300000| Untracked 
|  42|0x00000000c8400000, 0x00000000c84fac00, 0x00000000c8500000| 97%| O|  |TAMS 0x00000000c8400000, 0x00000000c8400000| Untracked 
|  43|0x00000000c8500000, 0x00000000c8500000, 0x00000000c8600000|  0%| F|  |TAMS 0x00000000c8500000, 0x00000000c8500000| Untracked 
|  44|0x00000000c8600000, 0x00000000c8600000, 0x00000000c8700000|  0%| F|  |TAMS 0x00000000c8600000, 0x00000000c8600000| Untracked 
|  45|0x00000000c8700000, 0x00000000c8700000, 0x00000000c8800000|  0%| F|  |TAMS 0x00000000c8700000, 0x00000000c8700000| Untracked 
|  46|0x00000000c8800000, 0x00000000c8800000, 0x00000000c8900000|  0%| F|  |TAMS 0x00000000c8800000, 0x00000000c8800000| Untracked 
|  47|0x00000000c8900000, 0x00000000c8900000, 0x00000000c8a00000|  0%| F|  |TAMS 0x00000000c8900000, 0x00000000c8900000| Untracked 
|  48|0x00000000c8a00000, 0x00000000c8a00000, 0x00000000c8b00000|  0%| F|  |TAMS 0x00000000c8a00000, 0x00000000c8a00000| Untracked 
|  49|0x00000000c8b00000, 0x00000000c8b00000, 0x00000000c8c00000|  0%| F|  |TAMS 0x00000000c8b00000, 0x00000000c8b00000| Untracked 
|  50|0x00000000c8c00000, 0x00000000c8c00000, 0x00000000c8d00000|  0%| F|  |TAMS 0x00000000c8c00000, 0x00000000c8c00000| Untracked 
|  51|0x00000000c8d00000, 0x00000000c8d00000, 0x00000000c8e00000|  0%| F|  |TAMS 0x00000000c8d00000, 0x00000000c8d00000| Untracked 
|  52|0x00000000c8e00000, 0x00000000c8e00000, 0x00000000c8f00000|  0%| F|  |TAMS 0x00000000c8e00000, 0x00000000c8e00000| Untracked 
|  53|0x00000000c8f00000, 0x00000000c8f00000, 0x00000000c9000000|  0%| F|  |TAMS 0x00000000c8f00000, 0x00000000c8f00000| Untracked 
|  54|0x00000000c9000000, 0x00000000c9000000, 0x00000000c9100000|  0%| F|  |TAMS 0x00000000c9000000, 0x00000000c9000000| Untracked 
|  55|0x00000000c9100000, 0x00000000c9100000, 0x00000000c9200000|  0%| F|  |TAMS 0x00000000c9100000, 0x00000000c9100000| Untracked 
|  56|0x00000000c9200000, 0x00000000c9200000, 0x00000000c9300000|  0%| F|  |TAMS 0x00000000c9200000, 0x00000000c9200000| Untracked 
|  57|0x00000000c9300000, 0x00000000c938d848, 0x00000000c9400000| 55%| S|CS|TAMS 0x00000000c9300000, 0x00000000c9300000| Complete 
|  58|0x00000000c9400000, 0x00000000c9500000, 0x00000000c9500000|100%| S|CS|TAMS 0x00000000c9400000, 0x00000000c9400000| Complete 
|  59|0x00000000c9500000, 0x00000000c9500000, 0x00000000c9600000|  0%| F|  |TAMS 0x00000000c9500000, 0x00000000c9500000| Untracked 
|  60|0x00000000c9600000, 0x00000000c9600000, 0x00000000c9700000|  0%| F|  |TAMS 0x00000000c9600000, 0x00000000c9600000| Untracked 
|  61|0x00000000c9700000, 0x00000000c9700000, 0x00000000c9800000|  0%| F|  |TAMS 0x00000000c9700000, 0x00000000c9700000| Untracked 
|  62|0x00000000c9800000, 0x00000000c9800000, 0x00000000c9900000|  0%| F|  |TAMS 0x00000000c9800000, 0x00000000c9800000| Untracked 
|  63|0x00000000c9900000, 0x00000000c9900000, 0x00000000c9a00000|  0%| F|  |TAMS 0x00000000c9900000, 0x00000000c9900000| Untracked 
|  64|0x00000000c9a00000, 0x00000000c9a00000, 0x00000000c9b00000|  0%| F|  |TAMS 0x00000000c9a00000, 0x00000000c9a00000| Untracked 
|  65|0x00000000c9b00000, 0x00000000c9b00000, 0x00000000c9c00000|  0%| F|  |TAMS 0x00000000c9b00000, 0x00000000c9b00000| Untracked 
|  66|0x00000000c9c00000, 0x00000000c9c00000, 0x00000000c9d00000|  0%| F|  |TAMS 0x00000000c9c00000, 0x00000000c9c00000| Untracked 
|  67|0x00000000c9d00000, 0x00000000c9d00000, 0x00000000c9e00000|  0%| F|  |TAMS 0x00000000c9d00000, 0x00000000c9d00000| Untracked 
|  68|0x00000000c9e00000, 0x00000000c9e00000, 0x00000000c9f00000|  0%| F|  |TAMS 0x00000000c9e00000, 0x00000000c9e00000| Untracked 
|  69|0x00000000c9f00000, 0x00000000c9f00000, 0x00000000ca000000|  0%| F|  |TAMS 0x00000000c9f00000, 0x00000000c9f00000| Untracked 
|  70|0x00000000ca000000, 0x00000000ca000000, 0x00000000ca100000|  0%| F|  |TAMS 0x00000000ca000000, 0x00000000ca000000| Untracked 
|  71|0x00000000ca100000, 0x00000000ca100000, 0x00000000ca200000|  0%| F|  |TAMS 0x00000000ca100000, 0x00000000ca100000| Untracked 
|  72|0x00000000ca200000, 0x00000000ca200000, 0x00000000ca300000|  0%| F|  |TAMS 0x00000000ca200000, 0x00000000ca200000| Untracked 
|  73|0x00000000ca300000, 0x00000000ca300000, 0x00000000ca400000|  0%| F|  |TAMS 0x00000000ca300000, 0x00000000ca300000| Untracked 
|  74|0x00000000ca400000, 0x00000000ca400000, 0x00000000ca500000|  0%| F|  |TAMS 0x00000000ca400000, 0x00000000ca400000| Untracked 
|  75|0x00000000ca500000, 0x00000000ca5cbe48, 0x00000000ca600000| 79%| E|  |TAMS 0x00000000ca500000, 0x00000000ca500000| Complete 
|  76|0x00000000ca600000, 0x00000000ca700000, 0x00000000ca700000|100%| E|CS|TAMS 0x00000000ca600000, 0x00000000ca600000| Complete 
|  77|0x00000000ca700000, 0x00000000ca800000, 0x00000000ca800000|100%| E|CS|TAMS 0x00000000ca700000, 0x00000000ca700000| Complete 
|  78|0x00000000ca800000, 0x00000000ca900000, 0x00000000ca900000|100%| E|CS|TAMS 0x00000000ca800000, 0x00000000ca800000| Complete 
|  79|0x00000000ca900000, 0x00000000caa00000, 0x00000000caa00000|100%| E|CS|TAMS 0x00000000ca900000, 0x00000000ca900000| Complete 
|  80|0x00000000caa00000, 0x00000000cab00000, 0x00000000cab00000|100%| E|CS|TAMS 0x00000000caa00000, 0x00000000caa00000| Complete 
|  81|0x00000000cab00000, 0x00000000cac00000, 0x00000000cac00000|100%| E|CS|TAMS 0x00000000cab00000, 0x00000000cab00000| Complete 
|  82|0x00000000cac00000, 0x00000000cad00000, 0x00000000cad00000|100%| E|CS|TAMS 0x00000000cac00000, 0x00000000cac00000| Complete 
|  83|0x00000000cad00000, 0x00000000cae00000, 0x00000000cae00000|100%| E|CS|TAMS 0x00000000cad00000, 0x00000000cad00000| Complete 
|  84|0x00000000cae00000, 0x00000000caf00000, 0x00000000caf00000|100%| E|CS|TAMS 0x00000000cae00000, 0x00000000cae00000| Complete 
|  85|0x00000000caf00000, 0x00000000cb000000, 0x00000000cb000000|100%| E|CS|TAMS 0x00000000caf00000, 0x00000000caf00000| Complete 
|  86|0x00000000cb000000, 0x00000000cb100000, 0x00000000cb100000|100%| E|CS|TAMS 0x00000000cb000000, 0x00000000cb000000| Complete 
|  87|0x00000000cb100000, 0x00000000cb200000, 0x00000000cb200000|100%| E|CS|TAMS 0x00000000cb100000, 0x00000000cb100000| Complete 
|  88|0x00000000cb200000, 0x00000000cb300000, 0x00000000cb300000|100%| E|CS|TAMS 0x00000000cb200000, 0x00000000cb200000| Complete 
|  89|0x00000000cb300000, 0x00000000cb400000, 0x00000000cb400000|100%| E|CS|TAMS 0x00000000cb300000, 0x00000000cb300000| Complete 
|  90|0x00000000cb400000, 0x00000000cb500000, 0x00000000cb500000|100%| E|CS|TAMS 0x00000000cb400000, 0x00000000cb400000| Complete 
|  91|0x00000000cb500000, 0x00000000cb600000, 0x00000000cb600000|100%| E|CS|TAMS 0x00000000cb500000, 0x00000000cb500000| Complete 
|  92|0x00000000cb600000, 0x00000000cb700000, 0x00000000cb700000|100%| E|CS|TAMS 0x00000000cb600000, 0x00000000cb600000| Complete 
|  93|0x00000000cb700000, 0x00000000cb800000, 0x00000000cb800000|100%| E|CS|TAMS 0x00000000cb700000, 0x00000000cb700000| Complete 
|  94|0x00000000cb800000, 0x00000000cb900000, 0x00000000cb900000|100%| E|CS|TAMS 0x00000000cb800000, 0x00000000cb800000| Complete 
|  95|0x00000000cb900000, 0x00000000cba00000, 0x00000000cba00000|100%| E|CS|TAMS 0x00000000cb900000, 0x00000000cb900000| Complete 
|  96|0x00000000cba00000, 0x00000000cbb00000, 0x00000000cbb00000|100%| E|CS|TAMS 0x00000000cba00000, 0x00000000cba00000| Complete 
|  97|0x00000000cbb00000, 0x00000000cbc00000, 0x00000000cbc00000|100%| E|CS|TAMS 0x00000000cbb00000, 0x00000000cbb00000| Complete 
|  98|0x00000000cbc00000, 0x00000000cbd00000, 0x00000000cbd00000|100%| E|CS|TAMS 0x00000000cbc00000, 0x00000000cbc00000| Complete 
|  99|0x00000000cbd00000, 0x00000000cbe00000, 0x00000000cbe00000|100%| E|CS|TAMS 0x00000000cbd00000, 0x00000000cbd00000| Complete 

Card table byte_map: [0x00000254c4310000,0x00000254c44f0000] _byte_map_base: 0x00000254c3ce3000

Marking Bits (Prev, Next): (CMBitMap*) 0x00000254b178f0f0, (CMBitMap*) 0x00000254b178f0b0
 Prev Bits: [0x00000254c5570000, 0x00000254c6408000)
 Next Bits: [0x00000254c46d0000, 0x00000254c5568000)

Polling page: 0x00000254af6a0000

Metaspace:

Usage:
  Non-class:     71.80 MB used.
      Class:     10.39 MB used.
       Both:     82.18 MB used.

Virtual space:
  Non-class space:       80.00 MB reserved,      72.06 MB ( 90%) committed,  10 nodes.
      Class space:        1.00 GB reserved,      10.56 MB (  1%) committed,  1 nodes.
             Both:        1.08 GB reserved,      82.62 MB (  7%) committed. 

Chunk freelists:
   Non-Class:  3.61 MB
       Class:  1.45 MB
        Both:  5.05 MB

MaxMetaspaceSize: unlimited
CompressedClassSpaceSize: 1.00 GB
Initial GC threshold: 21.00 MB
Current GC threshold: 98.44 MB
CDS: off
MetaspaceReclaimPolicy: balanced
 - commit_granule_bytes: 65536.
 - commit_granule_words: 8192.
 - virtual_space_node_default_size: 1048576.
 - enlarge_chunks_in_place: 1.
 - new_chunks_are_fully_committed: 0.
 - uncommit_free_chunks: 1.
 - use_allocation_guard: 0.
 - handle_deallocations: 1.


Internal statistics:

num_allocs_failed_limit: 9.
num_arena_births: 626.
num_arena_deaths: 0.
num_vsnodes_births: 11.
num_vsnodes_deaths: 0.
num_space_committed: 1322.
num_space_uncommitted: 0.
num_chunks_returned_to_freelist: 9.
num_chunks_taken_from_freelist: 3390.
num_chunk_merges: 9.
num_chunk_splits: 2375.
num_chunks_enlarged: 1826.
num_purges: 0.
num_inconsistent_stats: 0.

CodeHeap 'non-profiled nmethods': size=120000Kb used=5855Kb max_used=5855Kb free=114144Kb
 bounds [0x00000254bc8d0000, 0x00000254bce90000, 0x00000254c3e00000]
CodeHeap 'profiled nmethods': size=120000Kb used=18996Kb max_used=18996Kb free=101003Kb
 bounds [0x00000254b53a0000, 0x00000254b6630000, 0x00000254bc8d0000]
CodeHeap 'non-nmethods': size=5760Kb used=1350Kb max_used=1402Kb free=4409Kb
 bounds [0x00000254b4e00000, 0x00000254b5070000, 0x00000254b53a0000]
 total_blobs=9753 nmethods=9067 adapters=597
 compilation: enabled
              stopped_count=0, restarted_count=0
 full_count=0

Compilation events (20 events):
Event: 21079.318 Thread 0x00000254c8e6e9c0 10875       3       com.fasterxml.jackson.databind.type.TypeBindings::withUnboundVariable (63 bytes)
Event: 21079.329 Thread 0x00000254c8e6e9c0 nmethod 10875 0x00000254b6626d90 code [0x00000254b6626f80, 0x00000254b66275f8]
Event: 21079.329 Thread 0x00000254c8e6e9c0 10880       3       com.fasterxml.jackson.datatype.jsr310.JavaTimeModule$1::findValueInstantiator (109 bytes)
Event: 21079.359 Thread 0x00000254c8e6e9c0 nmethod 10880 0x00000254b6627810 code [0x00000254b6627a60, 0x00000254b66285d8]
Event: 21079.359 Thread 0x00000254c8e6e9c0 10876       3       java.lang.reflect.Constructor::getFactory (9 bytes)
Event: 21079.369 Thread 0x00000254c8e6e9c0 nmethod 10876 0x00000254b6628a10 code [0x00000254b6628be0, 0x00000254b6629138]
Event: 21079.369 Thread 0x00000254c8e6e9c0 10882       3       java.util.concurrent.ConcurrentSkipListMap$Node::<init> (20 bytes)
Event: 21079.370 Thread 0x00000254c8e6e9c0 nmethod 10882 0x00000254b6629310 code [0x00000254b66294c0, 0x00000254b6629738]
Event: 21079.380 Thread 0x00000254c8e650a0 nmethod 10873 0x00000254bce87790 code [0x00000254bce87940, 0x00000254bce87bb8]
Event: 21079.381 Thread 0x00000254c8e650a0 10877       4       com.fasterxml.jackson.databind.introspect.AnnotatedClassResolver::resolveClassAnnotations (219 bytes)
Event: 21079.389 Thread 0x00000254c8e6e9c0 10883       3       java.net.SocketException::<init> (6 bytes)
Event: 21079.391 Thread 0x00000254c8e6e9c0 nmethod 10883 0x00000254b6629810 code [0x00000254b66299c0, 0x00000254b6629bc8]
Event: 21079.396 Thread 0x00000254c8e6e9c0 10884       3       java.util.IdentityHashMap::init (11 bytes)
Event: 21079.397 Thread 0x00000254c8e6e9c0 nmethod 10884 0x00000254b6629c90 code [0x00000254b6629e20, 0x00000254b662a018]
Event: 21079.445 Thread 0x00000254c8e6e9c0 10885       3       sun.util.locale.provider.LocaleProviderAdapter::getAdapter (177 bytes)
Event: 21079.471 Thread 0x00000254c8e6e9c0 nmethod 10885 0x00000254b662a110 code [0x00000254b662a460, 0x00000254b662bae8]
Event: 21079.472 Thread 0x00000254c8e6e9c0 10887       3       java.text.DecimalFormat::append (94 bytes)
Event: 21079.482 Thread 0x00000254c8e6e9c0 nmethod 10887 0x00000254b662c190 code [0x00000254b662c380, 0x00000254b662cbc8]
Event: 21079.482 Thread 0x00000254c8e6e9c0 10886       3       java.lang.Throwable::getLocalizedMessage (5 bytes)
Event: 21079.486 Thread 0x00000254c8e6e9c0 nmethod 10886 0x00000254b662cf90 code [0x00000254b662d140, 0x00000254b662d308]

GC Heap History (20 events):
Event: 5698.949 GC heap before
{Heap before GC invocations=27 (full 0):
 garbage-first heap   total 102400K, used 82594K [0x00000000c5a00000, 0x0000000100000000)
  region size 1024K, 39 young (39936K), 3 survivors (3072K)
 Metaspace       used 82894K, committed 83392K, reserved 1122304K
  class space    used 10625K, committed 10816K, reserved 1048576K
}
Event: 5699.040 GC heap after
{Heap after GC invocations=28 (full 0):
 garbage-first heap   total 102400K, used 45809K [0x00000000c5a00000, 0x0000000100000000)
  region size 1024K, 2 young (2048K), 2 survivors (2048K)
 Metaspace       used 82894K, committed 83392K, reserved 1122304K
  class space    used 10625K, committed 10816K, reserved 1048576K
}
Event: 7403.166 GC heap before
{Heap before GC invocations=28 (full 0):
 garbage-first heap   total 102400K, used 82673K [0x00000000c5a00000, 0x0000000100000000)
  region size 1024K, 39 young (39936K), 2 survivors (2048K)
 Metaspace       used 83058K, committed 83520K, reserved 1122304K
  class space    used 10625K, committed 10816K, reserved 1048576K
}
Event: 7403.215 GC heap after
{Heap after GC invocations=29 (full 0):
 garbage-first heap   total 102400K, used 45696K [0x00000000c5a00000, 0x0000000100000000)
  region size 1024K, 2 young (2048K), 2 survivors (2048K)
 Metaspace       used 83058K, committed 83520K, reserved 1122304K
  class space    used 10625K, committed 10816K, reserved 1048576K
}
Event: 9014.677 GC heap before
{Heap before GC invocations=29 (full 0):
 garbage-first heap   total 102400K, used 82560K [0x00000000c5a00000, 0x0000000100000000)
  region size 1024K, 39 young (39936K), 2 survivors (2048K)
 Metaspace       used 83312K, committed 83712K, reserved 1122304K
  class space    used 10626K, committed 10816K, reserved 1048576K
}
Event: 9014.709 GC heap after
{Heap after GC invocations=30 (full 0):
 garbage-first heap   total 102400K, used 45727K [0x00000000c5a00000, 0x0000000100000000)
  region size 1024K, 2 young (2048K), 2 survivors (2048K)
 Metaspace       used 83312K, committed 83712K, reserved 1122304K
  class space    used 10626K, committed 10816K, reserved 1048576K
}
Event: 10767.093 GC heap before
{Heap before GC invocations=30 (full 0):
 garbage-first heap   total 102400K, used 83615K [0x00000000c5a00000, 0x0000000100000000)
  region size 1024K, 40 young (40960K), 2 survivors (2048K)
 Metaspace       used 83428K, committed 83904K, reserved 1122304K
  class space    used 10626K, committed 10816K, reserved 1048576K
}
Event: 10767.125 GC heap after
{Heap after GC invocations=31 (full 0):
 garbage-first heap   total 102400K, used 45674K [0x00000000c5a00000, 0x0000000100000000)
  region size 1024K, 2 young (2048K), 2 survivors (2048K)
 Metaspace       used 83428K, committed 83904K, reserved 1122304K
  class space    used 10626K, committed 10816K, reserved 1048576K
}
Event: 12506.279 GC heap before
{Heap before GC invocations=31 (full 0):
 garbage-first heap   total 102400K, used 84586K [0x00000000c5a00000, 0x0000000100000000)
  region size 1024K, 40 young (40960K), 2 survivors (2048K)
 Metaspace       used 83556K, committed 83968K, reserved 1122304K
  class space    used 10627K, committed 10816K, reserved 1048576K
}
Event: 12506.289 GC heap after
{Heap after GC invocations=32 (full 0):
 garbage-first heap   total 102400K, used 45699K [0x00000000c5a00000, 0x0000000100000000)
  region size 1024K, 2 young (2048K), 2 survivors (2048K)
 Metaspace       used 83556K, committed 83968K, reserved 1122304K
  class space    used 10627K, committed 10816K, reserved 1048576K
}
Event: 14307.395 GC heap before
{Heap before GC invocations=32 (full 0):
 garbage-first heap   total 102400K, used 84611K [0x00000000c5a00000, 0x0000000100000000)
  region size 1024K, 41 young (41984K), 2 survivors (2048K)
 Metaspace       used 83661K, committed 84096K, reserved 1130496K
  class space    used 10627K, committed 10816K, reserved 1048576K
}
Event: 14307.451 GC heap after
{Heap after GC invocations=33 (full 0):
 garbage-first heap   total 102400K, used 45702K [0x00000000c5a00000, 0x0000000100000000)
  region size 1024K, 2 young (2048K), 2 survivors (2048K)
 Metaspace       used 83661K, committed 84096K, reserved 1130496K
  class space    used 10627K, committed 10816K, reserved 1048576K
}
Event: 16082.362 GC heap before
{Heap before GC invocations=33 (full 0):
 garbage-first heap   total 102400K, used 84614K [0x00000000c5a00000, 0x0000000100000000)
  region size 1024K, 41 young (41984K), 2 survivors (2048K)
 Metaspace       used 83748K, committed 84160K, reserved 1130496K
  class space    used 10627K, committed 10816K, reserved 1048576K
}
Event: 16082.429 GC heap after
{Heap after GC invocations=34 (full 0):
 garbage-first heap   total 102400K, used 45747K [0x00000000c5a00000, 0x0000000100000000)
  region size 1024K, 2 young (2048K), 2 survivors (2048K)
 Metaspace       used 83748K, committed 84160K, reserved 1130496K
  class space    used 10627K, committed 10816K, reserved 1048576K
}
Event: 17835.068 GC heap before
{Heap before GC invocations=34 (full 0):
 garbage-first heap   total 102400K, used 85683K [0x00000000c5a00000, 0x0000000100000000)
  region size 1024K, 41 young (41984K), 2 survivors (2048K)
 Metaspace       used 83823K, committed 84288K, reserved 1130496K
  class space    used 10627K, committed 10816K, reserved 1048576K
}
Event: 17835.191 GC heap after
{Heap after GC invocations=35 (full 0):
 garbage-first heap   total 102400K, used 45723K [0x00000000c5a00000, 0x0000000100000000)
  region size 1024K, 2 young (2048K), 2 survivors (2048K)
 Metaspace       used 83823K, committed 84288K, reserved 1130496K
  class space    used 10627K, committed 10816K, reserved 1048576K
}
Event: 19682.529 GC heap before
{Heap before GC invocations=35 (full 0):
 garbage-first heap   total 102400K, used 86683K [0x00000000c5a00000, 0x0000000100000000)
  region size 1024K, 42 young (43008K), 2 survivors (2048K)
 Metaspace       used 83883K, committed 84352K, reserved 1130496K
  class space    used 10627K, committed 10816K, reserved 1048576K
}
Event: 19682.656 GC heap after
{Heap after GC invocations=36 (full 0):
 garbage-first heap   total 102400K, used 45766K [0x00000000c5a00000, 0x0000000100000000)
  region size 1024K, 2 young (2048K), 2 survivors (2048K)
 Metaspace       used 83883K, committed 84352K, reserved 1130496K
  class space    used 10627K, committed 10816K, reserved 1048576K
}
Event: 20776.104 GC heap before
{Heap before GC invocations=36 (full 0):
 garbage-first heap   total 102400K, used 86726K [0x00000000c5a00000, 0x0000000100000000)
  region size 1024K, 42 young (43008K), 2 survivors (2048K)
 Metaspace       used 84059K, committed 84480K, reserved 1130496K
  class space    used 10636K, committed 10816K, reserved 1048576K
}
Event: 20776.257 GC heap after
{Heap after GC invocations=37 (full 0):
 garbage-first heap   total 102400K, used 45601K [0x00000000c5a00000, 0x0000000100000000)
  region size 1024K, 2 young (2048K), 2 survivors (2048K)
 Metaspace       used 84059K, committed 84480K, reserved 1130496K
  class space    used 10636K, committed 10816K, reserved 1048576K
}

Deoptimization events (20 events):
Event: 16108.270 Thread 0x00000254c8e628f0 DEOPT PACKING pc=0x00000254bcbc5ac4 sp=0x000000acf9dfdfe0
Event: 16108.270 Thread 0x00000254c8e628f0 DEOPT UNPACKING pc=0x00000254b4e523a3 sp=0x000000acf9dfdf70 mode 2
Event: 16109.176 Thread 0x00000254c8e61a80 Uncommon trap: trap_request=0xffffffbe fr.pc=0x00000254bcbc5ac4 relative=0x0000000000000284
Event: 16109.176 Thread 0x00000254c8e61a80 Uncommon trap: reason=profile_predicate action=maybe_recompile pc=0x00000254bcbc5ac4 method=java.util.ArrayList$ArrayListSpliterator.forEachRemaining(Ljava/util/function/Consumer;)V @ 83 c2
Event: 16109.176 Thread 0x00000254c8e61a80 DEOPT PACKING pc=0x00000254bcbc5ac4 sp=0x000000acf9cfdf80
Event: 16109.177 Thread 0x00000254c8e61a80 DEOPT UNPACKING pc=0x00000254b4e523a3 sp=0x000000acf9cfdf10 mode 2
Event: 16138.284 Thread 0x00000254c8e628f0 Uncommon trap: trap_request=0xffffffbe fr.pc=0x00000254bcbc5ac4 relative=0x0000000000000284
Event: 16138.284 Thread 0x00000254c8e628f0 Uncommon trap: reason=profile_predicate action=maybe_recompile pc=0x00000254bcbc5ac4 method=java.util.ArrayList$ArrayListSpliterator.forEachRemaining(Ljava/util/function/Consumer;)V @ 83 c2
Event: 16138.284 Thread 0x00000254c8e628f0 DEOPT PACKING pc=0x00000254bcbc5ac4 sp=0x000000acf9dfdfe0
Event: 16138.285 Thread 0x00000254c8e628f0 DEOPT UNPACKING pc=0x00000254b4e523a3 sp=0x000000acf9dfdf70 mode 2
Event: 17817.916 Thread 0x00000254cb053060 DEOPT PACKING pc=0x00000254b6186f03 sp=0x000000acf76fd610
Event: 17817.917 Thread 0x00000254cb053060 DEOPT UNPACKING pc=0x00000254b4e52b43 sp=0x000000acf76fca80 mode 0
Event: 20530.439 Thread 0x00000254c8e628f0 Uncommon trap: trap_request=0xffffff5c fr.pc=0x00000254bcb935ac relative=0x0000000000000f4c
Event: 20530.439 Thread 0x00000254c8e628f0 Uncommon trap: reason=speculate_null_check action=make_not_entrant pc=0x00000254bcb935ac method=java.util.concurrent.locks.AbstractQueuedSynchronizer.acquire(Ljava/util/concurrent/locks/AbstractQueuedSynchronizer$Node;IZZZJ)I @ 254 c2
Event: 20530.440 Thread 0x00000254c8e628f0 DEOPT PACKING pc=0x00000254bcb935ac sp=0x000000acf9dfe1b0
Event: 20530.441 Thread 0x00000254c8e628f0 DEOPT UNPACKING pc=0x00000254b4e523a3 sp=0x000000acf9dfe150 mode 2
Event: 20651.693 Thread 0x00000254c8e628f0 Uncommon trap: trap_request=0xfffffff4 fr.pc=0x00000254bce32d70 relative=0x0000000000001df0
Event: 20651.693 Thread 0x00000254c8e628f0 Uncommon trap: reason=null_check action=make_not_entrant pc=0x00000254bce32d70 method=com.fasterxml.jackson.databind.introspect.JacksonAnnotationIntrospector.findKeyDeserializer(Lcom/fasterxml/jackson/databind/introspect/Annotated;)Ljava/lang/Object; @ 7 
Event: 20651.694 Thread 0x00000254c8e628f0 DEOPT PACKING pc=0x00000254bce32d70 sp=0x000000acf9dfd100
Event: 20651.696 Thread 0x00000254c8e628f0 DEOPT UNPACKING pc=0x00000254b4e523a3 sp=0x000000acf9dfd068 mode 2

Classes unloaded (0 events):
No events

Classes redefined (0 events):
No events

Internal exceptions (20 events):
Event: 21048.838 Thread 0x00000254c8e628f0 Exception <a 'java/net/SocketException'{0x00000000ca7198a8}: Socket is not connected: shutdown> (0x00000000ca7198a8) 
thrown [e:\jenkins\tmp\workspace\build\src\src\hotspot\share\prims\jni.cpp, line 535]
Event: 21048.839 Thread 0x00000254c8e628f0 Exception <a 'java/net/ConnectException'{0x00000000ca71a398}: Connection refused: connect> (0x00000000ca71a398) 
thrown [e:\jenkins\tmp\workspace\build\src\src\hotspot\share\prims\jni.cpp, line 535]
Event: 21048.840 Thread 0x00000254c8e628f0 Exception <a 'java/net/SocketException'{0x00000000ca71a978}: Socket is not connected: shutdown> (0x00000000ca71a978) 
thrown [e:\jenkins\tmp\workspace\build\src\src\hotspot\share\prims\jni.cpp, line 535]
Event: 21048.841 Thread 0x00000254c8e628f0 Exception <a 'java/io/IOException'{0x00000000ca7346d0}> (0x00000000ca7346d0) 
thrown [e:\jenkins\tmp\workspace\build\src\src\hotspot\share\prims\jni.cpp, line 516]
Event: 21048.842 Thread 0x00000254c8e628f0 Exception <a 'java/io/IOException'{0x00000000ca73c988}> (0x00000000ca73c988) 
thrown [e:\jenkins\tmp\workspace\build\src\src\hotspot\share\prims\jni.cpp, line 516]
Event: 21048.845 Thread 0x00000254c8e628f0 Exception <a 'java/io/IOException'{0x00000000ca74db40}> (0x00000000ca74db40) 
thrown [e:\jenkins\tmp\workspace\build\src\src\hotspot\share\prims\jni.cpp, line 516]
Event: 21079.383 Thread 0x00000254c8e61a80 Exception <a 'java/net/ConnectException'{0x00000000ca5371e0}: Connection refused: connect> (0x00000000ca5371e0) 
thrown [e:\jenkins\tmp\workspace\build\src\src\hotspot\share\prims\jni.cpp, line 535]
Event: 21079.384 Thread 0x00000254c8e628f0 Exception <a 'java/net/ConnectException'{0x00000000ca5488d8}: Connection refused: connect> (0x00000000ca5488d8) 
thrown [e:\jenkins\tmp\workspace\build\src\src\hotspot\share\prims\jni.cpp, line 535]
Event: 21079.385 Thread 0x00000254c8e628f0 Exception <a 'java/net/SocketException'{0x00000000ca548eb8}: Socket is not connected: shutdown> (0x00000000ca548eb8) 
thrown [e:\jenkins\tmp\workspace\build\src\src\hotspot\share\prims\jni.cpp, line 535]
Event: 21079.386 Thread 0x00000254c8e61a80 Exception <a 'java/net/SocketException'{0x00000000ca5377c0}: Socket is not connected: shutdown> (0x00000000ca5377c0) 
thrown [e:\jenkins\tmp\workspace\build\src\src\hotspot\share\prims\jni.cpp, line 535]
Event: 21079.388 Thread 0x00000254c8e61a80 Exception <a 'java/net/ConnectException'{0x00000000ca5382b0}: Connection refused: connect> (0x00000000ca5382b0) 
thrown [e:\jenkins\tmp\workspace\build\src\src\hotspot\share\prims\jni.cpp, line 535]
Event: 21079.388 Thread 0x00000254c8e628f0 Exception <a 'java/net/ConnectException'{0x00000000ca5499a8}: Connection refused: connect> (0x00000000ca5499a8) 
thrown [e:\jenkins\tmp\workspace\build\src\src\hotspot\share\prims\jni.cpp, line 535]
Event: 21079.388 Thread 0x00000254c8e61a80 Exception <a 'java/net/SocketException'{0x00000000ca538890}: Socket is not connected: shutdown> (0x00000000ca538890) 
thrown [e:\jenkins\tmp\workspace\build\src\src\hotspot\share\prims\jni.cpp, line 535]
Event: 21079.388 Thread 0x00000254c8e628f0 Exception <a 'java/net/SocketException'{0x00000000ca549f88}: Socket is not connected: shutdown> (0x00000000ca549f88) 
thrown [e:\jenkins\tmp\workspace\build\src\src\hotspot\share\prims\jni.cpp, line 535]
Event: 21079.444 Thread 0x00000254c8e61a80 Exception <a 'java/io/IOException'{0x00000000ca573350}> (0x00000000ca573350) 
thrown [e:\jenkins\tmp\workspace\build\src\src\hotspot\share\prims\jni.cpp, line 516]
Event: 21079.444 Thread 0x00000254c8e628f0 Exception <a 'java/io/IOException'{0x00000000ca588030}> (0x00000000ca588030) 
thrown [e:\jenkins\tmp\workspace\build\src\src\hotspot\share\prims\jni.cpp, line 516]
Event: 21079.445 Thread 0x00000254c8e61a80 Exception <a 'java/io/IOException'{0x00000000ca5759a8}> (0x00000000ca5759a8) 
thrown [e:\jenkins\tmp\workspace\build\src\src\hotspot\share\prims\jni.cpp, line 516]
Event: 21079.445 Thread 0x00000254c8e628f0 Exception <a 'java/io/IOException'{0x00000000ca58a998}> (0x00000000ca58a998) 
thrown [e:\jenkins\tmp\workspace\build\src\src\hotspot\share\prims\jni.cpp, line 516]
Event: 21079.447 Thread 0x00000254c8e61a80 Exception <a 'java/io/IOException'{0x00000000ca59bba8}> (0x00000000ca59bba8) 
thrown [e:\jenkins\tmp\workspace\build\src\src\hotspot\share\prims\jni.cpp, line 516]
Event: 21079.472 Thread 0x00000254c8e628f0 Exception <a 'java/io/IOException'{0x00000000ca5ba6c0}> (0x00000000ca5ba6c0) 
thrown [e:\jenkins\tmp\workspace\build\src\src\hotspot\share\prims\jni.cpp, line 516]

VM Operations (20 events):
Event: 20777.258 Executing VM operation: Cleanup
Event: 20777.263 Executing VM operation: Cleanup done
Event: 20807.277 Executing VM operation: Cleanup
Event: 20807.278 Executing VM operation: Cleanup done
Event: 20867.350 Executing VM operation: Cleanup
Event: 20867.351 Executing VM operation: Cleanup done
Event: 20897.438 Executing VM operation: Cleanup
Event: 20897.454 Executing VM operation: Cleanup done
Event: 20927.743 Executing VM operation: Cleanup
Event: 20927.744 Executing VM operation: Cleanup done
Event: 20958.865 Executing VM operation: Cleanup
Event: 20958.866 Executing VM operation: Cleanup done
Event: 20988.881 Executing VM operation: Cleanup
Event: 20988.883 Executing VM operation: Cleanup done
Event: 21018.901 Executing VM operation: Cleanup
Event: 21018.902 Executing VM operation: Cleanup done
Event: 21048.916 Executing VM operation: Cleanup
Event: 21048.916 Executing VM operation: Cleanup done
Event: 21078.933 Executing VM operation: Cleanup
Event: 21078.938 Executing VM operation: Cleanup done

Events (20 events):
Event: 19574.776 Thread 0x00000254cb054870 Thread added: 0x00000254cb054870
Event: 19574.776 Thread 0x00000254cb0521f0 Thread added: 0x00000254cb0521f0
Event: 19579.793 Thread 0x00000254cb054870 Thread exited: 0x00000254cb054870
Event: 19579.830 Thread 0x00000254cb0521f0 Thread exited: 0x00000254cb0521f0
Event: 19608.321 Thread 0x00000254cb0526c0 Thread added: 0x00000254cb0526c0
Event: 19608.321 Thread 0x00000254cb0521f0 Thread added: 0x00000254cb0521f0
Event: 19613.352 Thread 0x00000254cb0526c0 Thread exited: 0x00000254cb0526c0
Event: 19613.458 Thread 0x00000254cb0521f0 Thread exited: 0x00000254cb0521f0
Event: 19654.972 Thread 0x00000254cb056ef0 Thread added: 0x00000254cb056ef0
Event: 19654.974 Thread 0x00000254cb057d60 Thread added: 0x00000254cb057d60
Event: 19660.009 Thread 0x00000254cb056ef0 Thread exited: 0x00000254cb056ef0
Event: 19660.099 Thread 0x00000254cb057d60 Thread exited: 0x00000254cb057d60
Event: 20529.820 loading class sun/net/ConnectionResetException
Event: 20529.856 loading class sun/net/ConnectionResetException done
Event: 20529.935 loading class sun/net/util/SocketExceptions
Event: 20530.021 loading class sun/net/util/SocketExceptions done
Event: 20530.763 loading class sun/reflect/Reflection
Event: 20530.764 loading class sun/reflect/Reflection done
Event: 20530.785 loading class jdk/internal/loader/BootLoader$PackageHelper
Event: 20530.806 loading class jdk/internal/loader/BootLoader$PackageHelper done


Dynamic libraries:
0x00007ff72dbc0000 - 0x00007ff72dbce000 	C:\Users\SHREE\Desktop\sts-4.15.2.RELEASE\plugins\org.eclipse.justj.openjdk.hotspot.jre.full.win32.x86_64_17.0.3.v20220515-1416\jre\bin\javaw.exe
0x00007ff8121b0000 - 0x00007ff8123a8000 	C:\Windows\SYSTEM32\ntdll.dll
0x00007ff810340000 - 0x00007ff8103fd000 	C:\Windows\System32\KERNEL32.DLL
0x00007ff80fc90000 - 0x00007ff80ff5e000 	C:\Windows\System32\KERNELBASE.dll
0x00007ff810110000 - 0x00007ff810210000 	C:\Windows\System32\ucrtbase.dll
0x00007ff8035e0000 - 0x00007ff8035f9000 	C:\Users\SHREE\Desktop\sts-4.15.2.RELEASE\plugins\org.eclipse.justj.openjdk.hotspot.jre.full.win32.x86_64_17.0.3.v20220515-1416\jre\bin\VCRUNTIME140.dll
0x00007ff803260000 - 0x00007ff803278000 	C:\Users\SHREE\Desktop\sts-4.15.2.RELEASE\plugins\org.eclipse.justj.openjdk.hotspot.jre.full.win32.x86_64_17.0.3.v20220515-1416\jre\bin\jli.dll
0x00007ff8111d0000 - 0x00007ff811370000 	C:\Windows\System32\USER32.dll
0x00007ff80ff60000 - 0x00007ff80ff82000 	C:\Windows\System32\win32u.dll
0x00007ffffb5e0000 - 0x00007ffffb87a000 	C:\Windows\WinSxS\amd64_microsoft.windows.common-controls_6595b64144ccf1df_6.0.19041.1110_none_60b5254171f9507e\COMCTL32.dll
0x00007ff8116c0000 - 0x00007ff8116ea000 	C:\Windows\System32\GDI32.dll
0x00007ff811050000 - 0x00007ff8110ee000 	C:\Windows\System32\msvcrt.dll
0x00007ff80f980000 - 0x00007ff80fa8b000 	C:\Windows\System32\gdi32full.dll
0x00007ff80ff90000 - 0x00007ff81002d000 	C:\Windows\System32\msvcp_win.dll
0x00007ff812090000 - 0x00007ff8120c0000 	C:\Windows\System32\IMM32.DLL
0x00007ff80b2b0000 - 0x00007ff80b2bc000 	C:\Users\SHREE\Desktop\sts-4.15.2.RELEASE\plugins\org.eclipse.justj.openjdk.hotspot.jre.full.win32.x86_64_17.0.3.v20220515-1416\jre\bin\vcruntime140_1.dll
0x00007fffecaf0000 - 0x00007fffecb81000 	C:\Users\SHREE\Desktop\sts-4.15.2.RELEASE\plugins\org.eclipse.justj.openjdk.hotspot.jre.full.win32.x86_64_17.0.3.v20220515-1416\jre\bin\msvcp140.dll
0x00007fffb9800000 - 0x00007fffba448000 	C:\Users\SHREE\Desktop\sts-4.15.2.RELEASE\plugins\org.eclipse.justj.openjdk.hotspot.jre.full.win32.x86_64_17.0.3.v20220515-1416\jre\bin\server\jvm.dll
0x00007ff8116f0000 - 0x00007ff81179e000 	C:\Windows\System32\ADVAPI32.dll
0x00007ff8117a0000 - 0x00007ff81183c000 	C:\Windows\System32\sechost.dll
0x00007ff811ee0000 - 0x00007ff812005000 	C:\Windows\System32\RPCRT4.dll
0x00007ff810fe0000 - 0x00007ff810fe8000 	C:\Windows\System32\PSAPI.DLL
0x00007ff80abd0000 - 0x00007ff80abd9000 	C:\Windows\SYSTEM32\WSOCK32.dll
0x00007ff809260000 - 0x00007ff80926a000 	C:\Windows\SYSTEM32\VERSION.dll
0x00007ff805e90000 - 0x00007ff805eb7000 	C:\Windows\SYSTEM32\WINMM.dll
0x00007ff811150000 - 0x00007ff8111bb000 	C:\Windows\System32\WS2_32.dll
0x00007ff80d790000 - 0x00007ff80d7a2000 	C:\Windows\SYSTEM32\kernel.appcore.dll
0x00007ff80abc0000 - 0x00007ff80abca000 	C:\Users\SHREE\Desktop\sts-4.15.2.RELEASE\plugins\org.eclipse.justj.openjdk.hotspot.jre.full.win32.x86_64_17.0.3.v20220515-1416\jre\bin\jimage.dll
0x00007ff802e60000 - 0x00007ff803044000 	C:\Windows\SYSTEM32\DBGHELP.DLL
0x00007ffffbec0000 - 0x00007ffffbeec000 	C:\Windows\SYSTEM32\dbgcore.DLL
0x00007ff810030000 - 0x00007ff8100b2000 	C:\Windows\System32\bcryptPrimitives.dll
0x00007ff809b80000 - 0x00007ff809ba5000 	C:\Users\SHREE\Desktop\sts-4.15.2.RELEASE\plugins\org.eclipse.justj.openjdk.hotspot.jre.full.win32.x86_64_17.0.3.v20220515-1416\jre\bin\java.dll
0x00007ff809c30000 - 0x00007ff809c48000 	C:\Users\SHREE\Desktop\sts-4.15.2.RELEASE\plugins\org.eclipse.justj.openjdk.hotspot.jre.full.win32.x86_64_17.0.3.v20220515-1416\jre\bin\zip.dll
0x00007ff810890000 - 0x00007ff810fd4000 	C:\Windows\System32\SHELL32.dll
0x00007ff80d990000 - 0x00007ff80e124000 	C:\Windows\SYSTEM32\windows.storage.dll
0x00007ff810530000 - 0x00007ff810884000 	C:\Windows\System32\combase.dll
0x00007ff80f260000 - 0x00007ff80f290000 	C:\Windows\SYSTEM32\Wldp.dll
0x00007ff8120c0000 - 0x00007ff81216d000 	C:\Windows\System32\SHCORE.dll
0x00007ff810210000 - 0x00007ff810265000 	C:\Windows\System32\shlwapi.dll
0x00007ff80f810000 - 0x00007ff80f82f000 	C:\Windows\SYSTEM32\profapi.dll
0x00007ff809bc0000 - 0x00007ff809bd9000 	C:\Users\SHREE\Desktop\sts-4.15.2.RELEASE\plugins\org.eclipse.justj.openjdk.hotspot.jre.full.win32.x86_64_17.0.3.v20220515-1416\jre\bin\net.dll
0x00007ff800450000 - 0x00007ff80055a000 	C:\Windows\SYSTEM32\WINHTTP.dll
0x00007ff80ef70000 - 0x00007ff80efda000 	C:\Windows\system32\mswsock.dll
0x00007ff809950000 - 0x00007ff809965000 	C:\Users\SHREE\Desktop\sts-4.15.2.RELEASE\plugins\org.eclipse.justj.openjdk.hotspot.jre.full.win32.x86_64_17.0.3.v20220515-1416\jre\bin\nio.dll
0x00007ff80a280000 - 0x00007ff80a290000 	C:\Users\SHREE\Desktop\sts-4.15.2.RELEASE\plugins\org.eclipse.justj.openjdk.hotspot.jre.full.win32.x86_64_17.0.3.v20220515-1416\jre\bin\verify.dll
0x00007ff8091a0000 - 0x00007ff8091a9000 	C:\Users\SHREE\Desktop\sts-4.15.2.RELEASE\plugins\org.eclipse.justj.openjdk.hotspot.jre.full.win32.x86_64_17.0.3.v20220515-1416\jre\bin\management.dll
0x00007ff8068f0000 - 0x00007ff8068fb000 	C:\Users\SHREE\Desktop\sts-4.15.2.RELEASE\plugins\org.eclipse.justj.openjdk.hotspot.jre.full.win32.x86_64_17.0.3.v20220515-1416\jre\bin\management_ext.dll
0x00007ff80ec80000 - 0x00007ff80ecbb000 	C:\Windows\SYSTEM32\IPHLPAPI.DLL
0x00007ff8111c0000 - 0x00007ff8111c8000 	C:\Windows\System32\NSI.dll
0x00007ff806870000 - 0x00007ff806887000 	C:\Windows\SYSTEM32\dhcpcsvc6.DLL
0x00007ff807f60000 - 0x00007ff807f7d000 	C:\Windows\SYSTEM32\dhcpcsvc.DLL
0x00007ff80ecc0000 - 0x00007ff80ed8a000 	C:\Windows\SYSTEM32\DNSAPI.dll
0x00007ff800000000 - 0x00007ff80000a000 	C:\Windows\System32\rasadhlp.dll
0x00007ff8039e0000 - 0x00007ff803a60000 	C:\Windows\System32\fwpuclnt.dll
0x00007ff80fa90000 - 0x00007ff80fab7000 	C:\Windows\System32\bcrypt.dll
0x00007ffff3ec0000 - 0x00007ffff3ed7000 	C:\Windows\system32\napinsp.dll
0x00007ffff3ea0000 - 0x00007ffff3ebb000 	C:\Windows\system32\pnrpnsp.dll
0x00007ffff3e60000 - 0x00007ffff3e75000 	C:\Windows\system32\wshbth.dll
0x00007ff80b280000 - 0x00007ff80b29d000 	C:\Windows\system32\NLAapi.dll
0x00007ffff3e10000 - 0x00007ffff3e22000 	C:\Windows\System32\winrnr.dll
0x00007ff80f140000 - 0x00007ff80f158000 	C:\Windows\SYSTEM32\CRYPTSP.dll
0x00007ff80e900000 - 0x00007ff80e934000 	C:\Windows\system32\rsaenh.dll
0x00007ff80f790000 - 0x00007ff80f7be000 	C:\Windows\SYSTEM32\USERENV.dll
0x00007ff80f130000 - 0x00007ff80f13c000 	C:\Windows\SYSTEM32\CRYPTBASE.dll
0x00007ff809210000 - 0x00007ff80921e000 	C:\Users\SHREE\Desktop\sts-4.15.2.RELEASE\plugins\org.eclipse.justj.openjdk.hotspot.jre.full.win32.x86_64_17.0.3.v20220515-1416\jre\bin\sunmscapi.dll
0x00007ff80fb30000 - 0x00007ff80fc86000 	C:\Windows\System32\CRYPT32.dll
0x00007ff80f330000 - 0x00007ff80f357000 	C:\Windows\SYSTEM32\ncrypt.dll
0x00007ff80f290000 - 0x00007ff80f2cb000 	C:\Windows\SYSTEM32\NTASN1.dll
0x00007ff8038d0000 - 0x00007ff8038d7000 	C:\Windows\system32\wshunix.dll

dbghelp: loaded successfully - version: 4.0.5 - missing functions: none
symbol engine: initialized successfully - sym options: 0x614 - pdb path: .;C:\Users\SHREE\Desktop\sts-4.15.2.RELEASE\plugins\org.eclipse.justj.openjdk.hotspot.jre.full.win32.x86_64_17.0.3.v20220515-1416\jre\bin;C:\Windows\SYSTEM32;C:\Windows\WinSxS\amd64_microsoft.windows.common-controls_6595b64144ccf1df_6.0.19041.1110_none_60b5254171f9507e;C:\Users\SHREE\Desktop\sts-4.15.2.RELEASE\plugins\org.eclipse.justj.openjdk.hotspot.jre.full.win32.x86_64_17.0.3.v20220515-1416\jre\bin\server

VM Arguments:
jvm_args: -Dfile.encoding=UTF-8 -XX:+ShowCodeDetailsInExceptionMessages 
java_command: com.user.api.UserrApplication
java_class_path (initial): C:\Users\SHREE\git\User\target\classes;C:\Users\SHREE\.m2\repository\org\springframework\boot\spring-boot-starter-data-jpa\2.7.3\spring-boot-starter-data-jpa-2.7.3.jar;C:\Users\SHREE\.m2\repository\org\springframework\boot\spring-boot-starter-aop\2.7.3\spring-boot-starter-aop-2.7.3.jar;C:\Users\SHREE\.m2\repository\org\aspectj\aspectjweaver\1.9.7\aspectjweaver-1.9.7.jar;C:\Users\SHREE\.m2\repository\org\springframework\boot\spring-boot-starter-jdbc\2.7.3\spring-boot-starter-jdbc-2.7.3.jar;C:\Users\SHREE\.m2\repository\com\zaxxer\HikariCP\4.0.3\HikariCP-4.0.3.jar;C:\Users\SHREE\.m2\repository\org\springframework\spring-jdbc\5.3.22\spring-jdbc-5.3.22.jar;C:\Users\SHREE\.m2\repository\jakarta\transaction\jakarta.transaction-api\1.3.3\jakarta.transaction-api-1.3.3.jar;C:\Users\SHREE\.m2\repository\jakarta\persistence\jakarta.persistence-api\2.2.3\jakarta.persistence-api-2.2.3.jar;C:\Users\SHREE\.m2\repository\org\hibernate\hibernate-core\5.6.10.Final\hibernate-core-5.6.10.Final.jar;C:\Users\SHREE\.m2\repository\org\jboss\logging\jboss-logging\3.4.3.Final\jboss-logging-3.4.3.Final.jar;C:\Users\SHREE\.m2\repository\net\bytebuddy\byte-buddy\1.12.13\byte-buddy-1.12.13.jar;C:\Users\SHREE\.m2\repository\antlr\antlr\2.7.7\antlr-2.7.7.jar;C:\Users\SHREE\.m2\repository\org\jboss\jandex\2.4.2.Final\jandex-2.4.2.Final.jar;C:\Users\SHREE\.m2\repository\org\hibernate\common\hibernate-commons-annotations\5.1.2.Final\hibernate-commons-annotations-5.1.2.Final.jar;C:\Users\SHREE\.m2\repository\org\glassfish\jaxb\jaxb-runtime\2.3.6\jaxb-runtime-2.3.6.jar;C:\Users\SHREE\.m2\repository\org\glassfish\jaxb\txw2\2.3.6\txw2-2.3.6.jar;C:\Users\SHREE\.m2\repository\com\sun\istack\istack-commons-runtime\3.0.12\istack-commons-runtime-3.0.12.jar;C:\Users\SHREE\.m2\repository\org\springframework\data\spring-data-jpa\2.7.2\spring-data-jpa-2.7.2.jar;C:\Users\SHREE\.m2\repository\org\springframework\data\spring-data-commons\2.7.2\spring-data-commons-2.7.2.jar;C:\Users\SHREE
Launcher Type: SUN_STANDARD

[Global flags]
     intx CICompilerCount                          = 4                                         {product} {ergonomic}
     uint ConcGCThreads                            = 2                                         {product} {ergonomic}
     uint G1ConcRefinementThreads                  = 8                                         {product} {ergonomic}
   size_t G1HeapRegionSize                         = 1048576                                   {product} {ergonomic}
    uintx GCDrainStackTargetSize                   = 64                                        {product} {ergonomic}
   size_t InitialHeapSize                          = 62914560                                  {product} {ergonomic}
   size_t MarkStackSize                            = 4194304                                   {product} {ergonomic}
   size_t MaxHeapSize                              = 979369984                                 {product} {ergonomic}
   size_t MaxNewSize                               = 587202560                                 {product} {ergonomic}
   size_t MinHeapDeltaBytes                        = 1048576                                   {product} {ergonomic}
   size_t MinHeapSize                              = 8388608                                   {product} {ergonomic}
    uintx NonNMethodCodeHeapSize                   = 5839372                                {pd product} {ergonomic}
    uintx NonProfiledCodeHeapSize                  = 122909434                              {pd product} {ergonomic}
    uintx ProfiledCodeHeapSize                     = 122909434                              {pd product} {ergonomic}
    uintx ReservedCodeCacheSize                    = 251658240                              {pd product} {ergonomic}
     bool SegmentedCodeCache                       = true                                      {product} {ergonomic}
     bool ShowCodeDetailsInExceptionMessages       = true                                   {manageable} {command line}
   size_t SoftMaxHeapSize                          = 979369984                              {manageable} {ergonomic}
     bool UseCompressedClassPointers               = true                           {product lp64_product} {ergonomic}
     bool UseCompressedOops                        = true                           {product lp64_product} {ergonomic}
     bool UseG1GC                                  = true                                      {product} {ergonomic}
     bool UseLargePagesIndividualAllocation        = false                                  {pd product} {ergonomic}

Logging:
Log output configuration:
 #0: stdout all=warning uptime,level,tags
 #1: stderr all=off uptime,level,tags

Environment Variables:
JAVA_HOME=C:\Program Files\Java\jdk-11.0.16
PATH=C:/Users/SHREE/Desktop/sts-4.15.2.RELEASE//plugins/org.eclipse.justj.openjdk.hotspot.jre.full.win32.x86_64_17.0.3.v20220515-1416/jre/bin/server;C:/Users/SHREE/Desktop/sts-4.15.2.RELEASE//plugins/org.eclipse.justj.openjdk.hotspot.jre.full.win32.x86_64_17.0.3.v20220515-1416/jre/bin;C:\Python310\Scripts\;C:\Python310\;C:\Program Files\Common Files\Oracle\Java\javapath;C:\Windows\system32;C:\Windows;C:\Windows\System32\Wbem;C:\Windows\System32\WindowsPowerShell\v1.0\;C:\Windows\System32\OpenSSH\;C:\Program Files\nodejs\;C:\ProgramData\chocolatey\bin;C:\Program Files\Git\cmd;C:\Program Files\Docker\Docker\resources\bin;C:\ProgramData\DockerDesktop\version-bin;C:\Users\SHREE\AppData\Local\Microsoft\WindowsApps;C:\Users\SHREE\AppData\Local\Programs\Microsoft VS Code\bin;C:\Users\SHREE\AppData\Roaming\npm;C:\Users\SHREE\Desktop\sonarqued\apache-maven-3.8.6\bin;C:\Program Files\Java\jdk-11.0.16\bin;;C:\Users\SHREE\Desktop\sts-4.15.2.RELEASE;
USERNAME=KALYANI
OS=Windows_NT
PROCESSOR_IDENTIFIER=AMD64 Family 23 Model 17 Stepping 0, AuthenticAMD



---------------  S Y S T E M  ---------------

OS:
 Windows 10 , 64 bit Build 19041 (10.0.19041.1889)
OS uptime: 2 days 18:55 hours
Hyper-V role detected

CPU: total 8 (initial active 8) (8 cores per cpu, 2 threads per core) family 23 model 17 stepping 0 microcode 0x0, cx8, cmov, fxsr, ht, mmx, 3dnowpref, sse, sse2, sse3, ssse3, sse4a, sse4.1, sse4.2, popcnt, lzcnt, tsc, tscinvbit, avx, avx2, aes, clmul, bmi1, bmi2, adx, sha, fma, vzeroupper, clflush, clflushopt, hv

Memory: 4k page, system-wide physical 3732M (46M free)
TotalPageFile size 14996M (AvailPageFile size 0M)
current process WorkingSet (physical memory assigned to process): 56M, peak: 345M
current process commit charge ("private bytes"): 331M, peak: 386M

vm_info: OpenJDK 64-Bit Server VM (17.0.3+7) for windows-amd64 JRE (17.0.3+7), built on Apr 19 2022 16:55:35 by "" with MS VC++ 16.7 (VS2019)

END.
